#
# There is insufficient memory for the Java Runtime Environment to continue.
# Native memory allocation (malloc) failed to allocate 32744 bytes for ChunkPool::allocate
# Possible reasons:
#   The system is out of physical RAM or swap space
#   The process is running with CompressedOops enabled, and the Java Heap may be blocking the growth of the native heap
# Possible solutions:
#   Reduce memory load on the system
#   Increase physical memory or swap space
#   Check if swap backing store is full
#   Decrease Java heap size (-Xmx/-Xms)
#   Decrease number of Java threads
#   Decrease Java thread stack sizes (-Xss)
#   Set larger code cache with -XX:ReservedCodeCacheSize=
#   JVM is running with Unscaled Compressed Oops mode in which the Java heap is
#     placed in the first 4GB address space. The Java Heap base address is the
#     maximum limit for the native heap growth. Please use -XX:HeapBaseMinAddress
#     to set the Java Heap base and to place the Java Heap above 4GB virtual address.
# This output file may be truncated or incomplete.
#
#  Out of Memory Error (arena.cpp:78), pid=6484, tid=12708
#
# JRE version: OpenJDK Runtime Environment Temurin-17.0.6+10 (17.0.6+10) (build 17.0.6+10)
# Java VM: OpenJDK 64-Bit Server VM Temurin-17.0.6+10 (17.0.6+10, mixed mode, emulated-client, tiered, compressed oops, compressed class ptrs, g1 gc, windows-amd64)
# No core dump will be written. Minidumps are not enabled by default on client versions of Windows
#

---------------  S U M M A R Y ------------

Command Line: -Dcom.sun.management.jmxremote -Dcom.sun.management.jmxremote.port=50563 -Dcom.sun.management.jmxremote.authenticate=false -Dcom.sun.management.jmxremote.ssl=false -Djava.rmi.server.hostname=localhost -Dspring.jmx.enabled=true -Dmanagement.endpoints.jmx.exposure.include=* -Dspring.application.admin.enabled=true -XX:TieredStopAtLevel=1 -Dspring.boot.project.name=back -Dfile.encoding=UTF-8 -XX:+ShowCodeDetailsInExceptionMessages com.example.demo.SpringBootLoginExampleApplication --spring.output.ansi.enabled=always

Host: Intel(R) Core(TM) i5-8250U CPU @ 1.60GHz, 8 cores, 7G,  Windows 11 , 64 bit Build 22621 (10.0.22621.1485)
Time: Sat May  6 16:45:53 2023 Paris, Madrid (heure duild 22621 (10.0.22621.1485) elapsed time: 202.200574 seconds (0d 0h 3m 22s)

---------------  T H R E A D  ---------------

Current thread (0x0000021140ebfc10):  JavaThread "C1 CompilerThread2" daemon [_thread_in_native, id=12708, stack(0x000000c380200000,0x000000c380300000)]


Current CompileTask:
C1: 202200 10310   !   1       org.springframework.web.servlet.mvc.support.DefaultHandlerExceptionResolver::doResolveException (376 bytes)

Stack: [0x000000c380200000,0x000000c380300000]
Native frames: (J=compiled Java code, j=interpreted, Vv=VM code, C=native code)
V  [jvm.dll+0x67741a]
V  [jvm.dll+0x834434]
V  [jvm.dll+0x835bde]
V  [jvm.dll+0x836243]
V  [jvm.dll+0x2457b5]
V  [jvm.dll+0xabd1c]
V  [jvm.dll+0xac0cc]
V  [jvm.dll+0x639534]
V  [jvm.dll+0x63a13a]
V  [jvm.dll+0x639b62]
V  [jvm.dll+0x1cbd1d]
V  [jvm.dll+0x144389]
V  [jvm.dll+0x1383f8]
V  [jvm.dll+0x143e98]
V  [jvm.dll+0x1470f9]
V  [jvm.dll+0x146b15]
V  [jvm.dll+0x13e37e]
V  [jvm.dll+0x140935]
V  [jvm.dll+0x13eb1c]
V  [jvm.dll+0x1475ed]
V  [jvm.dll+0x146b15]
V  [jvm.dll+0x13e37e]
V  [jvm.dll+0x140935]
V  [jvm.dll+0x13ec14]
V  [jvm.dll+0x138b8f]
V  [jvm.dll+0x148706]
V  [jvm.dll+0x1342a0]
V  [jvm.dll+0x134600]
V  [jvm.dll+0x1348c6]
V  [jvm.dll+0x133d5a]
V  [jvm.dll+0x135a21]
V  [jvm.dll+0x22742a]
V  [jvm.dll+0x225565]
V  [jvm.dll+0x7ea2cb]
V  [jvm.dll+0x7e483a]
V  [jvm.dll+0x6762c5]
C  [ucrtbase.dll+0x29363]
C  [KERNEL32.DLL+0x1269d]
C  [ntdll.dll+0x5a9f8]


---------------  P R O C E S S  ---------------

Threads class SMR info:
_java_thread_list=0x00000211407aa600, length=37, elements={
0x000002113a9078c0, 0x000002113b44dff0, 0x000002113a90e820, 0x000002113b46f6e0,
0x000002113b4709c0, 0x000002113b47d390, 0x000002113b485e00, 0x000002113b48baa0,
0x000002113a886c30, 0x000002113b6797c0, 0x000002113bb82690, 0x000002113bbbf510,
0x000002113bbcfda0, 0x000002113bf37f70, 0x000002113bf40850, 0x000002113bf7df40,
0x000002113d635a40, 0x000002113d632080, 0x000002113d6333c0, 0x000002113d6350a0,
0x000002113d634700, 0x000002113d634bd0, 0x000002113d633890, 0x000002113d632a20,
0x000002113d633d60, 0x000002113d634230, 0x000002113d632ef0, 0x0000021140721a40,
0x0000021140726270, 0x0000021140724a60, 0x00000211407288f0, 0x00000211407258d0,
0x0000021140725400, 0x0000021140725da0, 0x0000021140ecc970, 0x0000021140ebfc10,
0x0000021142000490
}

Java Threads: ( => current thread )
  0x000002113a9078c0 JavaThread "Reference Handler" daemon [_thread_blocked, id=3588, stack(0x000000c3fce00000,0x000000c3fcf00000)]
  0x000002113b44dff0 JavaThread "Finalizer" daemon [_thread_blocked, id=7692, stack(0x000000c3fcf00000,0x000000c3fd000000)]
  0x000002113a90e820 JavaThread "Signal Dispatcher" daemon [_thread_blocked, id=11036, stack(0x000000c3fd000000,0x000000c3fd100000)]
  0x000002113b46f6e0 JavaThread "Attach Listener" daemon [_thread_blocked, id=7336, stack(0x000000c3fd100000,0x000000c3fd200000)]
  0x000002113b4709c0 JavaThread "Service Thread" daemon [_thread_blocked, id=11088, stack(0x000000c3fd200000,0x000000c3fd300000)]
  0x000002113b47d390 JavaThread "Monitor Deflation Thread" daemon [_thread_blocked, id=1256, stack(0x000000c3fd300000,0x000000c3fd400000)]
  0x000002113b485e00 JavaThread "C1 CompilerThread0" daemon [_thread_blocked, id=6812, stack(0x000000c3fd400000,0x000000c3fd500000)]
  0x000002113b48baa0 JavaThread "Sweeper thread" daemon [_thread_blocked, id=10532, stack(0x000000c3fd500000,0x000000c3fd600000)]
  0x000002113a886c30 JavaThread "Common-Cleaner" daemon [_thread_blocked, id=7924, stack(0x000000c3fd600000,0x000000c3fd700000)]
  0x000002113b6797c0 JavaThread "Notification Thread" daemon [_thread_blocked, id=4680, stack(0x000000c3fda00000,0x000000c3fdb00000)]
  0x000002113bb82690 JavaThread "RMI TCP Accept-0" daemon [_thread_in_native, id=3740, stack(0x000000c3fdb00000,0x000000c3fdc00000)]
  0x000002113bbbf510 JavaThread "RMI TCP Accept-50563" daemon [_thread_in_native, id=6512, stack(0x000000c3fdc00000,0x000000c3fdd00000)]
  0x000002113bbcfda0 JavaThread "RMI TCP Accept-0" daemon [_thread_in_native, id=4440, stack(0x000000c3fdd00000,0x000000c3fde00000)]
  0x000002113bf37f70 JavaThread "RMI Scheduler(0)" daemon [_thread_blocked, id=4136, stack(0x000000c3fe000000,0x000000c3fe100000)]
  0x000002113bf40850 JavaThread "RMI TCP Connection(idle)" daemon [_thread_blocked, id=1512, stack(0x000000c3fe100000,0x000000c3fe200000)]
  0x000002113bf7df40 JavaThread "JMX server connection timeout 22" daemon [_thread_blocked, id=1424, stack(0x000000c3fe200000,0x000000c3fe300000)]
  0x000002113d635a40 JavaThread "mysql-cj-abandoned-connection-cleanup" daemon [_thread_blocked, id=6748, stack(0x000000c3fed00000,0x000000c3fee00000)]
  0x000002113d632080 JavaThread "HikariPool-1 housekeeper" daemon [_thread_blocked, id=10872, stack(0x000000c3ff000000,0x000000c3ff100000)]
  0x000002113d6333c0 JavaThread "Catalina-utility-1" [_thread_blocked, id=4692, stack(0x000000c3ff200000,0x000000c3ff300000)]
  0x000002113d6350a0 JavaThread "Catalina-utility-2" [_thread_blocked, id=10492, stack(0x000000c3ff300000,0x000000c3ff400000)]
  0x000002113d634700 JavaThread "container-0" [_thread_blocked, id=5148, stack(0x000000c3ff400000,0x000000c3ff500000)]
  0x000002113d634bd0 JavaThread "http-nio-8080-exec-1" daemon [_thread_blocked, id=9056, stack(0x000000c3ff500000,0x000000c3ff600000)]
  0x000002113d633890 JavaThread "http-nio-8080-exec-2" daemon [_thread_blocked, id=2576, stack(0x000000c3ff600000,0x000000c3ff700000)]
  0x000002113d632a20 JavaThread "http-nio-8080-exec-3" daemon [_thread_blocked, id=6980, stack(0x000000c3ff700000,0x000000c3ff800000)]
  0x000002113d633d60 JavaThread "http-nio-8080-exec-4" daemon [_thread_blocked, id=11600, stack(0x000000c3ff800000,0x000000c3ff900000)]
  0x000002113d634230 JavaThread "http-nio-8080-exec-5" daemon [_thread_in_Java, id=7216, stack(0x000000c3ff900000,0x000000c3ffa00000)]
  0x000002113d632ef0 JavaThread "http-nio-8080-exec-6" daemon [_thread_blocked, id=11196, stack(0x000000c3ffa00000,0x000000c3ffb00000)]
  0x0000021140721a40 JavaThread "http-nio-8080-exec-7" daemon [_thread_in_Java, id=4656, stack(0x000000c3ffb00000,0x000000c3ffc00000)]
  0x0000021140726270 JavaThread "http-nio-8080-exec-8" daemon [_thread_blocked, id=9400, stack(0x000000c3ffc00000,0x000000c3ffd00000)]
  0x0000021140724a60 JavaThread "http-nio-8080-exec-9" daemon [_thread_blocked, id=3380, stack(0x000000c3ffd00000,0x000000c3ffe00000)]
  0x00000211407288f0 JavaThread "http-nio-8080-exec-10" daemon [_thread_blocked, id=196, stack(0x000000c3ffe00000,0x000000c3fff00000)]
  0x00000211407258d0 JavaThread "http-nio-8080-Poller" daemon [_thread_in_native, id=10856, stack(0x000000c3fff00000,0x000000c400000000)]
  0x0000021140725400 JavaThread "http-nio-8080-Acceptor" daemon [_thread_in_native, id=12124, stack(0x000000c380000000,0x000000c380100000)]
  0x0000021140725da0 JavaThread "DestroyJavaVM" [_thread_blocked, id=8020, stack(0x000000c3fc700000,0x000000c3fc800000)]
  0x0000021140ecc970 JavaThread "C1 CompilerThread1" daemon [_thread_blocked, id=7260, stack(0x000000c380100000,0x000000c380200000)]
=>0x0000021140ebfc10 JavaThread "C1 CompilerThread2" daemon [_thread_in_native, id=12708, stack(0x000000c380200000,0x000000c380300000)]
  0x0000021142000490 JavaThread "C1 CompilerThread3" daemon [_thread_blocked, id=11632, stack(0x000000c380300000,0x000000c380400000)]

Other Threads:
  0x000002113a8f8dc0 VMThread "VM Thread" [stack: 0x000000c3fcd00000,0x000000c3fce00000] [id=6780]
  0x000002112cbf9560 WatcherThread [stack: 0x000000c3fde00000,0x000000c3fdf00000] [id=6784]
  0x000002112cc53c80 GCTaskThread "GC Thread#0" [stack: 0x000000c3fc800000,0x000000c3fc900000] [id=6380]
  0x000002113cc478d0 GCTaskThread "GC Thread#1" [stack: 0x000000c3fe300000,0x000000c3fe400000] [id=7680]
  0x000002113cc47b80 GCTaskThread "GC Thread#2" [stack: 0x000000c3fe400000,0x000000c3fe500000] [id=12204]
  0x000002113cc5dbd0 GCTaskThread "GC Thread#3" [stack: 0x000000c3fe500000,0x000000c3fe600000] [id=9456]
  0x000002113cc9b410 GCTaskThread "GC Thread#4" [stack: 0x000000c3fe600000,0x000000c3fe700000] [id=9776]
  0x000002113cc9b6c0 GCTaskThread "GC Thread#5" [stack: 0x000000c3fe700000,0x000000c3fe800000] [id=11552]
  0x000002113cc9b970 GCTaskThread "GC Thread#6" [stack: 0x000000c3fe800000,0x000000c3fe900000] [id=2780]
  0x000002113cc9bc20 GCTaskThread "GC Thread#7" [stack: 0x000000c3fe900000,0x000000c3fea00000] [id=6212]
  0x000002112cc658d0 ConcurrentGCThread "G1 Main Marker" [stack: 0x000000c3fc900000,0x000000c3fca00000] [id=3204]
  0x000002112cc67190 ConcurrentGCThread "G1 Conc#0" [stack: 0x000000c3fca00000,0x000000c3fcb00000] [id=5612]
  0x000002113cdf9400 ConcurrentGCThread "G1 Conc#1" [stack: 0x000000c3fee00000,0x000000c3fef00000] [id=9116]
  0x000002112ccadd40 ConcurrentGCThread "G1 Refine#0" [stack: 0x000000c3fcb00000,0x000000c3fcc00000] [id=12044]
  0x000002113b7ac710 ConcurrentGCThread "G1 Refine#1" [stack: 0x000000c3fea00000,0x000000c3feb00000] [id=3732]
  0x000002113b7ace00 ConcurrentGCThread "G1 Refine#2" [stack: 0x000000c3feb00000,0x000000c3fec00000] [id=4276]
  0x000002113b7ad0e0 ConcurrentGCThread "G1 Refine#3" [stack: 0x000000c3fec00000,0x000000c3fed00000] [id=5240]
  0x000002112ccae600 ConcurrentGCThread "G1 Service" [stack: 0x000000c3fcc00000,0x000000c3fcd00000] [id=7548]

Threads with active compile tasks:
C1 CompilerThread2   202295 10310   !   1       org.springframework.web.servlet.mvc.support.DefaultHandlerExceptionResolver::doResolveException (376 bytes)

VM state: not at safepoint (normal execution)

VM Mutex/Monitor currently owned by a thread: None

Heap address: 0x0000000082000000, size: 2016 MB, Compressed Oops mode: 32-bit

CDS archive(s) not mapped
Compressed class space mapped at: 0x0000000100000000-0x0000000140000000, reserved size: 1073741824
Narrow klass base: 0x0000000000000000, Narrow klass shift: 3, Narrow klass range: 0x140000000

GC Precious Log:
 CPUs: 8 total, 8 available
 Memory: 8058M
 Large Page Support: Disabled
 NUMA Support: Disabled
 Compressed Oops: Enabled (32-bit)
 Heap Region Size: 1M
 Heap Min Capacity: 8M
 Heap Initial Capacity: 126M
 Heap Max Capacity: 2016M
 Pre-touch: Disabled
 Parallel Workers: 8
 Concurrent Workers: 2
 Concurrent Refinement Workers: 8
 Periodic GC: Disabled

Heap:
 garbage-first heap   total 133120K, used 42190K [0x0000000082000000, 0x0000000100000000)
  region size 1024K, 11 young (11264K), 1 survivors (1024K)
 Metaspace       used 72067K, committed 72640K, reserved 1114112K
  class space    used 9855K, committed 10112K, reserved 1048576K

Heap Regions: E=young(eden), S=young(survivor), O=old, HS=humongous(starts), HC=humongous(continues), CS=collection set, F=free, OA=open archive, CA=closed archive, TAMS=top-at-mark-start (previous, next)
|   0|0x0000000082000000, 0x0000000082100000, 0x0000000082100000|100%|HS|  |TAMS 0x0000000082100000, 0x0000000082000000| Complete 
|   1|0x0000000082100000, 0x0000000082200000, 0x0000000082200000|100%| O|  |TAMS 0x0000000082200000, 0x0000000082100000| Untracked 
|   2|0x0000000082200000, 0x0000000082300000, 0x0000000082300000|100%| O|  |TAMS 0x0000000082300000, 0x0000000082200000| Untracked 
|   3|0x0000000082300000, 0x0000000082400000, 0x0000000082400000|100%| O|  |TAMS 0x0000000082400000, 0x0000000082300000| Untracked 
|   4|0x0000000082400000, 0x0000000082500000, 0x0000000082500000|100%| O|  |TAMS 0x0000000082500000, 0x0000000082400000| Untracked 
|   5|0x0000000082500000, 0x0000000082600000, 0x0000000082600000|100%| O|  |TAMS 0x0000000082600000, 0x0000000082500000| Untracked 
|   6|0x0000000082600000, 0x0000000082700000, 0x0000000082700000|100%| O|  |TAMS 0x0000000082700000, 0x0000000082600000| Untracked 
|   7|0x0000000082700000, 0x0000000082800000, 0x0000000082800000|100%| O|  |TAMS 0x0000000082700000, 0x0000000082700000| Untracked 
|   8|0x0000000082800000, 0x0000000082900000, 0x0000000082900000|100%| O|  |TAMS 0x0000000082900000, 0x0000000082800000| Untracked 
|   9|0x0000000082900000, 0x0000000082a00000, 0x0000000082a00000|100%| O|  |TAMS 0x0000000082a00000, 0x0000000082900000| Untracked 
|  10|0x0000000082a00000, 0x0000000082b00000, 0x0000000082b00000|100%| O|  |TAMS 0x0000000082b00000, 0x0000000082a00000| Untracked 
|  11|0x0000000082b00000, 0x0000000082c00000, 0x0000000082c00000|100%| O|  |TAMS 0x0000000082c00000, 0x0000000082b00000| Untracked 
|  12|0x0000000082c00000, 0x0000000082d00000, 0x0000000082d00000|100%| O|  |TAMS 0x0000000082d00000, 0x0000000082c00000| Untracked 
|  13|0x0000000082d00000, 0x0000000082e00000, 0x0000000082e00000|100%| O|  |TAMS 0x0000000082e00000, 0x0000000082d00000| Untracked 
|  14|0x0000000082e00000, 0x0000000082efee00, 0x0000000082f00000| 99%| O|  |TAMS 0x0000000082efee00, 0x0000000082e00000| Untracked 
|  15|0x0000000082f00000, 0x0000000083000000, 0x0000000083000000|100%| O|  |TAMS 0x0000000083000000, 0x0000000082f00000| Untracked 
|  16|0x0000000083000000, 0x0000000083100000, 0x0000000083100000|100%| O|  |TAMS 0x0000000083100000, 0x0000000083000000| Untracked 
|  17|0x0000000083100000, 0x0000000083200000, 0x0000000083200000|100%| O|  |TAMS 0x0000000083200000, 0x0000000083100000| Untracked 
|  18|0x0000000083200000, 0x0000000083300000, 0x0000000083300000|100%| O|  |TAMS 0x0000000083278c00, 0x0000000083200000| Untracked 
|  19|0x0000000083300000, 0x0000000083311600, 0x0000000083400000|  6%| O|  |TAMS 0x0000000083300000, 0x0000000083300000| Untracked 
|  20|0x0000000083400000, 0x0000000083500000, 0x0000000083500000|100%| O|  |TAMS 0x0000000083400000, 0x0000000083400000| Untracked 
|  21|0x0000000083500000, 0x0000000083600000, 0x0000000083600000|100%| O|  |TAMS 0x0000000083500000, 0x0000000083500000| Untracked 
|  22|0x0000000083600000, 0x0000000083700000, 0x0000000083700000|100%| O|  |TAMS 0x0000000083600000, 0x0000000083600000| Untracked 
|  23|0x0000000083700000, 0x0000000083800000, 0x0000000083800000|100%| O|  |TAMS 0x0000000083700000, 0x0000000083700000| Untracked 
|  24|0x0000000083800000, 0x0000000083900000, 0x0000000083900000|100%| O|  |TAMS 0x0000000083800000, 0x0000000083800000| Untracked 
|  25|0x0000000083900000, 0x0000000083a00000, 0x0000000083a00000|100%| O|  |TAMS 0x0000000083900000, 0x0000000083900000| Untracked 
|  26|0x0000000083a00000, 0x0000000083b00000, 0x0000000083b00000|100%| O|  |TAMS 0x0000000083a00000, 0x0000000083a00000| Untracked 
|  27|0x0000000083b00000, 0x0000000083c00000, 0x0000000083c00000|100%| O|  |TAMS 0x0000000083b00000, 0x0000000083b00000| Untracked 
|  28|0x0000000083c00000, 0x0000000083d00000, 0x0000000083d00000|100%| O|  |TAMS 0x0000000083c00000, 0x0000000083c00000| Untracked 
|  29|0x0000000083d00000, 0x0000000083e00000, 0x0000000083e00000|100%| O|  |TAMS 0x0000000083d00000, 0x0000000083d00000| Untracked 
|  30|0x0000000083e00000, 0x0000000083f00000, 0x0000000083f00000|100%| O|  |TAMS 0x0000000083e00000, 0x0000000083e00000| Untracked 
|  31|0x0000000083f00000, 0x0000000084000000, 0x0000000084000000|100%| O|  |TAMS 0x0000000083f00000, 0x0000000083f00000| Untracked 
|  32|0x0000000084000000, 0x0000000084100000, 0x0000000084100000|100%| O|  |TAMS 0x0000000084000000, 0x0000000084000000| Untracked 
|  33|0x0000000084100000, 0x00000000841e7600, 0x0000000084200000| 90%| O|  |TAMS 0x0000000084100000, 0x0000000084100000| Untracked 
|  34|0x0000000084200000, 0x0000000084200000, 0x0000000084300000|  0%| F|  |TAMS 0x0000000084200000, 0x0000000084200000| Untracked 
|  35|0x0000000084300000, 0x0000000084300000, 0x0000000084400000|  0%| F|  |TAMS 0x0000000084300000, 0x0000000084300000| Untracked 
|  36|0x0000000084400000, 0x0000000084400000, 0x0000000084500000|  0%| F|  |TAMS 0x0000000084400000, 0x0000000084400000| Untracked 
|  37|0x0000000084500000, 0x0000000084500000, 0x0000000084600000|  0%| F|  |TAMS 0x0000000084500000, 0x0000000084500000| Untracked 
|  38|0x0000000084600000, 0x0000000084600000, 0x0000000084700000|  0%| F|  |TAMS 0x0000000084600000, 0x0000000084600000| Untracked 
|  39|0x0000000084700000, 0x0000000084700000, 0x0000000084800000|  0%| F|  |TAMS 0x0000000084700000, 0x0000000084700000| Untracked 
|  40|0x0000000084800000, 0x0000000084800000, 0x0000000084900000|  0%| F|  |TAMS 0x0000000084800000, 0x0000000084800000| Untracked 
|  41|0x0000000084900000, 0x0000000084900000, 0x0000000084a00000|  0%| F|  |TAMS 0x0000000084900000, 0x0000000084900000| Untracked 
|  42|0x0000000084a00000, 0x0000000084a00000, 0x0000000084b00000|  0%| F|  |TAMS 0x0000000084a00000, 0x0000000084a00000| Untracked 
|  43|0x0000000084b00000, 0x0000000084b00000, 0x0000000084c00000|  0%| F|  |TAMS 0x0000000084b00000, 0x0000000084b00000| Untracked 
|  44|0x0000000084c00000, 0x0000000084c00000, 0x0000000084d00000|  0%| F|  |TAMS 0x0000000084c00000, 0x0000000084c00000| Untracked 
|  45|0x0000000084d00000, 0x0000000084d00000, 0x0000000084e00000|  0%| F|  |TAMS 0x0000000084d00000, 0x0000000084d00000| Untracked 
|  46|0x0000000084e00000, 0x0000000084e00000, 0x0000000084f00000|  0%| F|  |TAMS 0x0000000084e00000, 0x0000000084e00000| Untracked 
|  47|0x0000000084f00000, 0x0000000084f00000, 0x0000000085000000|  0%| F|  |TAMS 0x0000000084f00000, 0x0000000084f00000| Untracked 
|  48|0x0000000085000000, 0x0000000085000000, 0x0000000085100000|  0%| F|  |TAMS 0x0000000085000000, 0x0000000085000000| Untracked 
|  49|0x0000000085100000, 0x0000000085100000, 0x0000000085200000|  0%| F|  |TAMS 0x0000000085100000, 0x0000000085100000| Untracked 
|  50|0x0000000085200000, 0x0000000085200000, 0x0000000085300000|  0%| F|  |TAMS 0x0000000085200000, 0x0000000085200000| Untracked 
|  51|0x0000000085300000, 0x0000000085300000, 0x0000000085400000|  0%| F|  |TAMS 0x0000000085300000, 0x0000000085300000| Untracked 
|  52|0x0000000085400000, 0x000000008543c0a8, 0x0000000085500000| 23%| S|CS|TAMS 0x0000000085400000, 0x0000000085400000| Complete 
|  53|0x0000000085500000, 0x0000000085500000, 0x0000000085600000|  0%| F|  |TAMS 0x0000000085500000, 0x0000000085500000| Untracked 
|  54|0x0000000085600000, 0x0000000085600000, 0x0000000085700000|  0%| F|  |TAMS 0x0000000085600000, 0x0000000085600000| Untracked 
|  55|0x0000000085700000, 0x0000000085700000, 0x0000000085800000|  0%| F|  |TAMS 0x0000000085700000, 0x0000000085700000| Untracked 
|  56|0x0000000085800000, 0x0000000085800000, 0x0000000085900000|  0%| F|  |TAMS 0x0000000085800000, 0x0000000085800000| Untracked 
|  57|0x0000000085900000, 0x0000000085900000, 0x0000000085a00000|  0%| F|  |TAMS 0x0000000085900000, 0x0000000085900000| Untracked 
|  58|0x0000000085a00000, 0x0000000085a00000, 0x0000000085b00000|  0%| F|  |TAMS 0x0000000085a00000, 0x0000000085a00000| Untracked 
|  59|0x0000000085b00000, 0x0000000085b00000, 0x0000000085c00000|  0%| F|  |TAMS 0x0000000085b00000, 0x0000000085b00000| Untracked 
|  60|0x0000000085c00000, 0x0000000085c00000, 0x0000000085d00000|  0%| F|  |TAMS 0x0000000085c00000, 0x0000000085c00000| Untracked 
|  61|0x0000000085d00000, 0x0000000085d00000, 0x0000000085e00000|  0%| F|  |TAMS 0x0000000085d00000, 0x0000000085d00000| Untracked 
|  62|0x0000000085e00000, 0x0000000085e00000, 0x0000000085f00000|  0%| F|  |TAMS 0x0000000085e00000, 0x0000000085e00000| Untracked 
|  63|0x0000000085f00000, 0x0000000085f00000, 0x0000000086000000|  0%| F|  |TAMS 0x0000000085f00000, 0x0000000085f00000| Untracked 
|  64|0x0000000086000000, 0x0000000086000000, 0x0000000086100000|  0%| F|  |TAMS 0x0000000086000000, 0x0000000086000000| Untracked 
|  65|0x0000000086100000, 0x0000000086100000, 0x0000000086200000|  0%| F|  |TAMS 0x0000000086100000, 0x0000000086100000| Untracked 
|  66|0x0000000086200000, 0x0000000086200000, 0x0000000086300000|  0%| F|  |TAMS 0x0000000086200000, 0x0000000086200000| Untracked 
|  67|0x0000000086300000, 0x0000000086300000, 0x0000000086400000|  0%| F|  |TAMS 0x0000000086300000, 0x0000000086300000| Untracked 
|  68|0x0000000086400000, 0x0000000086400000, 0x0000000086500000|  0%| F|  |TAMS 0x0000000086400000, 0x0000000086400000| Untracked 
|  69|0x0000000086500000, 0x0000000086500000, 0x0000000086600000|  0%| F|  |TAMS 0x0000000086500000, 0x0000000086500000| Untracked 
|  70|0x0000000086600000, 0x0000000086600000, 0x0000000086700000|  0%| F|  |TAMS 0x0000000086600000, 0x0000000086600000| Untracked 
|  71|0x0000000086700000, 0x0000000086700000, 0x0000000086800000|  0%| F|  |TAMS 0x0000000086700000, 0x0000000086700000| Untracked 
|  72|0x0000000086800000, 0x0000000086800000, 0x0000000086900000|  0%| F|  |TAMS 0x0000000086800000, 0x0000000086800000| Untracked 
|  73|0x0000000086900000, 0x0000000086900000, 0x0000000086a00000|  0%| F|  |TAMS 0x0000000086900000, 0x0000000086900000| Untracked 
|  74|0x0000000086a00000, 0x0000000086a00000, 0x0000000086b00000|  0%| F|  |TAMS 0x0000000086a00000, 0x0000000086a00000| Untracked 
|  75|0x0000000086b00000, 0x0000000086b00000, 0x0000000086c00000|  0%| F|  |TAMS 0x0000000086b00000, 0x0000000086b00000| Untracked 
|  76|0x0000000086c00000, 0x0000000086c00000, 0x0000000086d00000|  0%| F|  |TAMS 0x0000000086c00000, 0x0000000086c00000| Untracked 
|  77|0x0000000086d00000, 0x0000000086d00000, 0x0000000086e00000|  0%| F|  |TAMS 0x0000000086d00000, 0x0000000086d00000| Untracked 
|  78|0x0000000086e00000, 0x0000000086e00000, 0x0000000086f00000|  0%| F|  |TAMS 0x0000000086e00000, 0x0000000086e00000| Untracked 
|  79|0x0000000086f00000, 0x0000000086f00000, 0x0000000087000000|  0%| F|  |TAMS 0x0000000086f00000, 0x0000000086f00000| Untracked 
|  80|0x0000000087000000, 0x0000000087000000, 0x0000000087100000|  0%| F|  |TAMS 0x0000000087000000, 0x0000000087000000| Untracked 
|  81|0x0000000087100000, 0x0000000087100000, 0x0000000087200000|  0%| F|  |TAMS 0x0000000087100000, 0x0000000087100000| Untracked 
|  82|0x0000000087200000, 0x0000000087200000, 0x0000000087300000|  0%| F|  |TAMS 0x0000000087200000, 0x0000000087200000| Untracked 
|  83|0x0000000087300000, 0x0000000087300000, 0x0000000087400000|  0%| F|  |TAMS 0x0000000087300000, 0x0000000087300000| Untracked 
|  84|0x0000000087400000, 0x0000000087400000, 0x0000000087500000|  0%| F|  |TAMS 0x0000000087400000, 0x0000000087400000| Untracked 
|  85|0x0000000087500000, 0x0000000087500000, 0x0000000087600000|  0%| F|  |TAMS 0x0000000087500000, 0x0000000087500000| Untracked 
|  86|0x0000000087600000, 0x0000000087600000, 0x0000000087700000|  0%| F|  |TAMS 0x0000000087600000, 0x0000000087600000| Untracked 
|  87|0x0000000087700000, 0x0000000087700000, 0x0000000087800000|  0%| F|  |TAMS 0x0000000087700000, 0x0000000087700000| Untracked 
|  88|0x0000000087800000, 0x0000000087800000, 0x0000000087900000|  0%| F|  |TAMS 0x0000000087800000, 0x0000000087800000| Untracked 
|  89|0x0000000087900000, 0x0000000087900000, 0x0000000087a00000|  0%| F|  |TAMS 0x0000000087900000, 0x0000000087900000| Untracked 
|  90|0x0000000087a00000, 0x0000000087a00000, 0x0000000087b00000|  0%| F|  |TAMS 0x0000000087a00000, 0x0000000087a00000| Untracked 
|  91|0x0000000087b00000, 0x0000000087b00000, 0x0000000087c00000|  0%| F|  |TAMS 0x0000000087b00000, 0x0000000087b00000| Untracked 
|  92|0x0000000087c00000, 0x0000000087c00000, 0x0000000087d00000|  0%| F|  |TAMS 0x0000000087c00000, 0x0000000087c00000| Untracked 
|  93|0x0000000087d00000, 0x0000000087d00000, 0x0000000087e00000|  0%| F|  |TAMS 0x0000000087d00000, 0x0000000087d00000| Untracked 
|  94|0x0000000087e00000, 0x0000000087e00000, 0x0000000087f00000|  0%| F|  |TAMS 0x0000000087e00000, 0x0000000087e00000| Untracked 
|  95|0x0000000087f00000, 0x0000000087f00000, 0x0000000088000000|  0%| F|  |TAMS 0x0000000087f00000, 0x0000000087f00000| Untracked 
|  96|0x0000000088000000, 0x0000000088000000, 0x0000000088100000|  0%| F|  |TAMS 0x0000000088000000, 0x0000000088000000| Untracked 
|  97|0x0000000088100000, 0x0000000088100000, 0x0000000088200000|  0%| F|  |TAMS 0x0000000088100000, 0x0000000088100000| Untracked 
|  98|0x0000000088200000, 0x0000000088200000, 0x0000000088300000|  0%| F|  |TAMS 0x0000000088200000, 0x0000000088200000| Untracked 
|  99|0x0000000088300000, 0x0000000088300000, 0x0000000088400000|  0%| F|  |TAMS 0x0000000088300000, 0x0000000088300000| Untracked 
| 100|0x0000000088400000, 0x0000000088400000, 0x0000000088500000|  0%| F|  |TAMS 0x0000000088400000, 0x0000000088400000| Untracked 
| 101|0x0000000088500000, 0x0000000088500000, 0x0000000088600000|  0%| F|  |TAMS 0x0000000088500000, 0x0000000088500000| Untracked 
| 102|0x0000000088600000, 0x0000000088600000, 0x0000000088700000|  0%| F|  |TAMS 0x0000000088600000, 0x0000000088600000| Untracked 
| 103|0x0000000088700000, 0x0000000088700000, 0x0000000088800000|  0%| F|  |TAMS 0x0000000088700000, 0x0000000088700000| Untracked 
| 104|0x0000000088800000, 0x0000000088800000, 0x0000000088900000|  0%| F|  |TAMS 0x0000000088800000, 0x0000000088800000| Untracked 
| 105|0x0000000088900000, 0x0000000088900000, 0x0000000088a00000|  0%| F|  |TAMS 0x0000000088900000, 0x0000000088900000| Untracked 
| 106|0x0000000088a00000, 0x0000000088a00000, 0x0000000088b00000|  0%| F|  |TAMS 0x0000000088a00000, 0x0000000088a00000| Untracked 
| 107|0x0000000088b00000, 0x0000000088b00000, 0x0000000088c00000|  0%| F|  |TAMS 0x0000000088b00000, 0x0000000088b00000| Untracked 
| 108|0x0000000088c00000, 0x0000000088c00000, 0x0000000088d00000|  0%| F|  |TAMS 0x0000000088c00000, 0x0000000088c00000| Untracked 
| 109|0x0000000088d00000, 0x0000000088d00000, 0x0000000088e00000|  0%| F|  |TAMS 0x0000000088d00000, 0x0000000088d00000| Untracked 
| 110|0x0000000088e00000, 0x0000000088e00000, 0x0000000088f00000|  0%| F|  |TAMS 0x0000000088e00000, 0x0000000088e00000| Untracked 
| 111|0x0000000088f00000, 0x0000000088f00000, 0x0000000089000000|  0%| F|  |TAMS 0x0000000088f00000, 0x0000000088f00000| Untracked 
| 112|0x0000000089000000, 0x0000000089000000, 0x0000000089100000|  0%| F|  |TAMS 0x0000000089000000, 0x0000000089000000| Untracked 
| 113|0x0000000089100000, 0x0000000089100000, 0x0000000089200000|  0%| F|  |TAMS 0x0000000089100000, 0x0000000089100000| Untracked 
| 114|0x0000000089200000, 0x0000000089200000, 0x0000000089300000|  0%| F|  |TAMS 0x0000000089200000, 0x0000000089200000| Untracked 
| 115|0x0000000089300000, 0x0000000089300000, 0x0000000089400000|  0%| F|  |TAMS 0x0000000089300000, 0x0000000089300000| Untracked 
| 116|0x0000000089400000, 0x0000000089400000, 0x0000000089500000|  0%| F|  |TAMS 0x0000000089400000, 0x0000000089400000| Untracked 
| 117|0x0000000089500000, 0x0000000089500000, 0x0000000089600000|  0%| F|  |TAMS 0x0000000089500000, 0x0000000089500000| Untracked 
| 118|0x0000000089600000, 0x0000000089633e48, 0x0000000089700000| 20%| E|  |TAMS 0x0000000089600000, 0x0000000089600000| Complete 
| 119|0x0000000089700000, 0x00000000897f61c0, 0x0000000089800000| 96%| E|  |TAMS 0x0000000089700000, 0x0000000089700000| Complete 
| 120|0x0000000089800000, 0x0000000089900000, 0x0000000089900000|100%| E|CS|TAMS 0x0000000089800000, 0x0000000089800000| Complete 
| 121|0x0000000089900000, 0x0000000089a00000, 0x0000000089a00000|100%| E|CS|TAMS 0x0000000089900000, 0x0000000089900000| Complete 
| 122|0x0000000089a00000, 0x0000000089b00000, 0x0000000089b00000|100%| E|CS|TAMS 0x0000000089a00000, 0x0000000089a00000| Complete 
| 123|0x0000000089b00000, 0x0000000089c00000, 0x0000000089c00000|100%| E|CS|TAMS 0x0000000089b00000, 0x0000000089b00000| Complete 
| 124|0x0000000089c00000, 0x0000000089d00000, 0x0000000089d00000|100%| E|CS|TAMS 0x0000000089c00000, 0x0000000089c00000| Complete 
| 125|0x0000000089d00000, 0x0000000089e00000, 0x0000000089e00000|100%| E|CS|TAMS 0x0000000089d00000, 0x0000000089d00000| Complete 
| 126|0x0000000089e00000, 0x0000000089f00000, 0x0000000089f00000|100%| E|CS|TAMS 0x0000000089e00000, 0x0000000089e00000| Complete 
| 127|0x0000000089f00000, 0x000000008a000000, 0x000000008a000000|100%| E|CS|TAMS 0x0000000089f00000, 0x0000000089f00000| Complete 
| 128|0x000000008a000000, 0x000000008a100000, 0x000000008a100000|100%| E|CS|TAMS 0x000000008a000000, 0x000000008a000000| Complete 
| 129|0x000000008a100000, 0x000000008a200000, 0x000000008a200000|100%| E|CS|TAMS 0x000000008a100000, 0x000000008a100000| Complete 

Card table byte_map: [0x00000211337a0000,0x0000021133b90000] _byte_map_base: 0x0000021133390000

Marking Bits (Prev, Next): (CMBitMap*) 0x000002112cc542d0, (CMBitMap*) 0x000002112cc54290
 Prev Bits: [0x0000021135f00000, 0x0000021137e80000)
 Next Bits: [0x0000021133f80000, 0x0000021135f00000)

Polling page: 0x000002112ab40000

Metaspace:

Usage:
  Non-class:     60.75 MB used.
      Class:      9.62 MB used.
       Both:     70.38 MB used.

Virtual space:
  Non-class space:       64.00 MB reserved,      61.06 MB ( 95%) committed,  8 nodes.
      Class space:        1.00 GB reserved,       9.88 MB ( <1%) committed,  1 nodes.
             Both:        1.06 GB reserved,      70.94 MB (  7%) committed. 

Chunk freelists:
   Non-Class:  2.87 MB
       Class:  2.00 MB
        Both:  4.87 MB

MaxMetaspaceSize: unlimited
CompressedClassSpaceSize: 1.00 GB
Initial GC threshold: 21.00 MB
Current GC threshold: 98.88 MB
CDS: off
MetaspaceReclaimPolicy: balanced
 - commit_granule_bytes: 65536.
 - commit_granule_words: 8192.
 - virtual_space_node_default_size: 1048576.
 - enlarge_chunks_in_place: 1.
 - new_chunks_are_fully_committed: 0.
 - uncommit_free_chunks: 1.
 - use_allocation_guard: 0.
 - handle_deallocations: 1.


Internal statistics:

num_allocs_failed_limit: 11.
num_arena_births: 728.
num_arena_deaths: 0.
num_vsnodes_births: 9.
num_vsnodes_deaths: 0.
num_space_committed: 1135.
num_space_uncommitted: 0.
num_chunks_returned_to_freelist: 11.
num_chunks_taken_from_freelist: 3131.
num_chunk_merges: 11.
num_chunk_splits: 2188.
num_chunks_enlarged: 1617.
num_purges: 0.
num_inconsistent_stats: 0.

CodeCache: size=49152Kb used=19717Kb max_used=19717Kb free=29434Kb
 bounds [0x00000211302a0000, 0x00000211315f0000, 0x00000211332a0000]
 total_blobs=10959 nmethods=10310 adapters=572
 compilation: enabled
              stopped_count=0, restarted_count=0
 full_count=0

Compilation events (20 events):
Event: 201.980 Thread 0x0000021140ebfc10 10302   !   1       java.nio.channels.spi.AbstractSelectableChannel::removeKey (71 bytes)
Event: 201.980 Thread 0x000002113b485e00 10303       1       java.nio.channels.spi.AbstractSelectionKey::invalidate (6 bytes)
Event: 201.980 Thread 0x0000021142000490 10304   !   1       sun.nio.ch.SocketChannelImpl::kill (30 bytes)
Event: 201.981 Thread 0x000002113b485e00 nmethod 10303 0x000002113045e410 code [0x000002113045e5a0, 0x000002113045e678]
Event: 201.981 Thread 0x000002113b485e00 10305   !   1       sun.nio.ch.SocketChannelImpl::tryFinishClose (10 bytes)
Event: 201.981 Thread 0x0000021140ecc970 nmethod 10291 0x000002113045c210 code [0x000002113045c5e0, 0x000002113045d6a8]
Event: 201.981 Thread 0x0000021140ebfc10 nmethod 10302 0x000002113045bc90 code [0x000002113045be20, 0x000002113045c078]
Event: 201.981 Thread 0x000002113b485e00 nmethod 10305 0x000002113045b490 code [0x000002113045b620, 0x000002113045b748]
Event: 201.982 Thread 0x0000021142000490 nmethod 10304 0x000002113045b810 code [0x000002113045b9a0, 0x000002113045bb88]
Event: 202.193 Thread 0x0000021142000490 10306       1       org.springframework.web.servlet.handler.AbstractHandlerMethodExceptionResolver::doResolveException (28 bytes)
Event: 202.193 Thread 0x0000021140ecc970 10307   !   1       org.springframework.web.servlet.mvc.method.annotation.ExceptionHandlerExceptionResolver::doResolveHandlerMethodException (371 bytes)
Event: 202.193 Thread 0x000002113b485e00 10308       1       org.springframework.web.servlet.mvc.method.annotation.ExceptionHandlerExceptionResolver::getExceptionHandlerMethod (208 bytes)
Event: 202.193 Thread 0x0000021140ebfc10 10309       1       org.springframework.web.method.annotation.ExceptionHandlerMethodResolver::resolveMethod (6 bytes)
Event: 202.194 Thread 0x0000021142000490 nmethod 10306 0x000002113045b090 code [0x000002113045b220, 0x000002113045b388]
Event: 202.194 Thread 0x0000021142000490 10311       1       org.springframework.security.web.util.ThrowableAnalyzer::determineCauseChain (51 bytes)
Event: 202.194 Thread 0x0000021140ebfc10 nmethod 10309 0x000002113045ab10 code [0x000002113045ace0, 0x000002113045af28]
Event: 202.194 Thread 0x0000021140ebfc10 10312       1       org.springframework.security.web.util.ThrowableAnalyzer::getFirstThrowableOfType (51 bytes)
Event: 202.195 Thread 0x0000021140ebfc10 nmethod 10312 0x000002113045a710 code [0x000002113045a8a0, 0x000002113045aa38]
Event: 202.195 Thread 0x0000021142000490 nmethod 10311 0x0000021130459d90 code [0x0000021130459f80, 0x000002113045a458]
Event: 202.195 Thread 0x0000021140ebfc10 10310   !   1       org.springframework.web.servlet.mvc.support.DefaultHandlerExceptionResolver::doResolveException (376 bytes)

GC Heap History (20 events):
Event: 197.877 GC heap before
{Heap before GC invocations=75 (full 0):
 garbage-first heap   total 133120K, used 112421K [0x0000000082000000, 0x0000000100000000)
  region size 1024K, 78 young (79872K), 1 survivors (1024K)
 Metaspace       used 72067K, committed 72640K, reserved 1114112K
  class space    used 9855K, committed 10112K, reserved 1048576K
}
Event: 197.879 GC heap after
{Heap after GC invocations=76 (full 0):
 garbage-first heap   total 133120K, used 34385K [0x0000000082000000, 0x0000000100000000)
  region size 1024K, 1 young (1024K), 1 survivors (1024K)
 Metaspace       used 72067K, committed 72640K, reserved 1114112K
  class space    used 9855K, committed 10112K, reserved 1048576K
}
Event: 198.426 GC heap before
{Heap before GC invocations=76 (full 0):
 garbage-first heap   total 133120K, used 112209K [0x0000000082000000, 0x0000000100000000)
  region size 1024K, 78 young (79872K), 1 survivors (1024K)
 Metaspace       used 72067K, committed 72640K, reserved 1114112K
  class space    used 9855K, committed 10112K, reserved 1048576K
}
Event: 198.428 GC heap after
{Heap after GC invocations=77 (full 0):
 garbage-first heap   total 133120K, used 35276K [0x0000000082000000, 0x0000000100000000)
  region size 1024K, 2 young (2048K), 2 survivors (2048K)
 Metaspace       used 72067K, committed 72640K, reserved 1114112K
  class space    used 9855K, committed 10112K, reserved 1048576K
}
Event: 198.997 GC heap before
{Heap before GC invocations=77 (full 0):
 garbage-first heap   total 133120K, used 112076K [0x0000000082000000, 0x0000000100000000)
  region size 1024K, 78 young (79872K), 2 survivors (2048K)
 Metaspace       used 72067K, committed 72640K, reserved 1114112K
  class space    used 9855K, committed 10112K, reserved 1048576K
}
Event: 198.999 GC heap after
{Heap after GC invocations=78 (full 0):
 garbage-first heap   total 133120K, used 34577K [0x0000000082000000, 0x0000000100000000)
  region size 1024K, 1 young (1024K), 1 survivors (1024K)
 Metaspace       used 72067K, committed 72640K, reserved 1114112K
  class space    used 9855K, committed 10112K, reserved 1048576K
}
Event: 199.476 GC heap before
{Heap before GC invocations=78 (full 0):
 garbage-first heap   total 133120K, used 112401K [0x0000000082000000, 0x0000000100000000)
  region size 1024K, 78 young (79872K), 1 survivors (1024K)
 Metaspace       used 72067K, committed 72640K, reserved 1114112K
  class space    used 9855K, committed 10112K, reserved 1048576K
}
Event: 199.478 GC heap after
{Heap after GC invocations=79 (full 0):
 garbage-first heap   total 133120K, used 34856K [0x0000000082000000, 0x0000000100000000)
  region size 1024K, 2 young (2048K), 2 survivors (2048K)
 Metaspace       used 72067K, committed 72640K, reserved 1114112K
  class space    used 9855K, committed 10112K, reserved 1048576K
}
Event: 199.949 GC heap before
{Heap before GC invocations=79 (full 0):
 garbage-first heap   total 133120K, used 111656K [0x0000000082000000, 0x0000000100000000)
  region size 1024K, 78 young (79872K), 2 survivors (2048K)
 Metaspace       used 72067K, committed 72640K, reserved 1114112K
  class space    used 9855K, committed 10112K, reserved 1048576K
}
Event: 199.951 GC heap after
{Heap after GC invocations=80 (full 0):
 garbage-first heap   total 133120K, used 34388K [0x0000000082000000, 0x0000000100000000)
  region size 1024K, 1 young (1024K), 1 survivors (1024K)
 Metaspace       used 72067K, committed 72640K, reserved 1114112K
  class space    used 9855K, committed 10112K, reserved 1048576K
}
Event: 200.419 GC heap before
{Heap before GC invocations=80 (full 0):
 garbage-first heap   total 133120K, used 112212K [0x0000000082000000, 0x0000000100000000)
  region size 1024K, 78 young (79872K), 1 survivors (1024K)
 Metaspace       used 72067K, committed 72640K, reserved 1114112K
  class space    used 9855K, committed 10112K, reserved 1048576K
}
Event: 200.421 GC heap after
{Heap after GC invocations=81 (full 0):
 garbage-first heap   total 133120K, used 34365K [0x0000000082000000, 0x0000000100000000)
  region size 1024K, 1 young (1024K), 1 survivors (1024K)
 Metaspace       used 72067K, committed 72640K, reserved 1114112K
  class space    used 9855K, committed 10112K, reserved 1048576K
}
Event: 200.805 GC heap before
{Heap before GC invocations=81 (full 0):
 garbage-first heap   total 133120K, used 112189K [0x0000000082000000, 0x0000000100000000)
  region size 1024K, 78 young (79872K), 1 survivors (1024K)
 Metaspace       used 72067K, committed 72640K, reserved 1114112K
  class space    used 9855K, committed 10112K, reserved 1048576K
}
Event: 200.807 GC heap after
{Heap after GC invocations=82 (full 0):
 garbage-first heap   total 133120K, used 34070K [0x0000000082000000, 0x0000000100000000)
  region size 1024K, 1 young (1024K), 1 survivors (1024K)
 Metaspace       used 72067K, committed 72640K, reserved 1114112K
  class space    used 9855K, committed 10112K, reserved 1048576K
}
Event: 201.209 GC heap before
{Heap before GC invocations=82 (full 0):
 garbage-first heap   total 133120K, used 111894K [0x0000000082000000, 0x0000000100000000)
  region size 1024K, 78 young (79872K), 1 survivors (1024K)
 Metaspace       used 72067K, committed 72640K, reserved 1114112K
  class space    used 9855K, committed 10112K, reserved 1048576K
}
Event: 201.210 GC heap after
{Heap after GC invocations=83 (full 0):
 garbage-first heap   total 133120K, used 34418K [0x0000000082000000, 0x0000000100000000)
  region size 1024K, 1 young (1024K), 1 survivors (1024K)
 Metaspace       used 72067K, committed 72640K, reserved 1114112K
  class space    used 9855K, committed 10112K, reserved 1048576K
}
Event: 201.551 GC heap before
{Heap before GC invocations=83 (full 0):
 garbage-first heap   total 133120K, used 112242K [0x0000000082000000, 0x0000000100000000)
  region size 1024K, 78 young (79872K), 1 survivors (1024K)
 Metaspace       used 72067K, committed 72640K, reserved 1114112K
  class space    used 9855K, committed 10112K, reserved 1048576K
}
Event: 201.553 GC heap after
{Heap after GC invocations=84 (full 0):
 garbage-first heap   total 133120K, used 34393K [0x0000000082000000, 0x0000000100000000)
  region size 1024K, 1 young (1024K), 1 survivors (1024K)
 Metaspace       used 72067K, committed 72640K, reserved 1114112K
  class space    used 9855K, committed 10112K, reserved 1048576K
}
Event: 201.893 GC heap before
{Heap before GC invocations=84 (full 0):
 garbage-first heap   total 133120K, used 112217K [0x0000000082000000, 0x0000000100000000)
  region size 1024K, 78 young (79872K), 1 survivors (1024K)
 Metaspace       used 72067K, committed 72640K, reserved 1114112K
  class space    used 9855K, committed 10112K, reserved 1048576K
}
Event: 201.895 GC heap after
{Heap after GC invocations=85 (full 0):
 garbage-first heap   total 133120K, used 33899K [0x0000000082000000, 0x0000000100000000)
  region size 1024K, 1 young (1024K), 1 survivors (1024K)
 Metaspace       used 72067K, committed 72640K, reserved 1114112K
  class space    used 9855K, committed 10112K, reserved 1048576K
}

Dll operation events (9 events):
Event: 0.018 Loaded shared library C:\Users\lenovo\Downloads\sts-4.17.2.RELEASE\plugins\org.eclipse.justj.openjdk.hotspot.jre.full.win32.x86_64_17.0.6.v20230125-1136\jre\bin\java.dll
Event: 0.477 Loaded shared library C:\Users\lenovo\Downloads\sts-4.17.2.RELEASE\plugins\org.eclipse.justj.openjdk.hotspot.jre.full.win32.x86_64_17.0.6.v20230125-1136\jre\bin\jimage.dll
Event: 0.509 Loaded shared library C:\Users\lenovo\Downloads\sts-4.17.2.RELEASE\plugins\org.eclipse.justj.openjdk.hotspot.jre.full.win32.x86_64_17.0.6.v20230125-1136\jre\bin\net.dll
Event: 0.513 Loaded shared library C:\Users\lenovo\Downloads\sts-4.17.2.RELEASE\plugins\org.eclipse.justj.openjdk.hotspot.jre.full.win32.x86_64_17.0.6.v20230125-1136\jre\bin\nio.dll
Event: 0.522 Loaded shared library C:\Users\lenovo\Downloads\sts-4.17.2.RELEASE\plugins\org.eclipse.justj.openjdk.hotspot.jre.full.win32.x86_64_17.0.6.v20230125-1136\jre\bin\zip.dll
Event: 0.654 Loaded shared library C:\Users\lenovo\Downloads\sts-4.17.2.RELEASE\plugins\org.eclipse.justj.openjdk.hotspot.jre.full.win32.x86_64_17.0.6.v20230125-1136\jre\bin\management.dll
Event: 0.699 Loaded shared library C:\Users\lenovo\Downloads\sts-4.17.2.RELEASE\plugins\org.eclipse.justj.openjdk.hotspot.jre.full.win32.x86_64_17.0.6.v20230125-1136\jre\bin\management_ext.dll
Event: 1.438 Loaded shared library C:\Users\lenovo\Downloads\sts-4.17.2.RELEASE\plugins\org.eclipse.justj.openjdk.hotspot.jre.full.win32.x86_64_17.0.6.v20230125-1136\jre\bin\verify.dll
Event: 5.907 Loaded shared library C:\Users\lenovo\Downloads\sts-4.17.2.RELEASE\plugins\org.eclipse.justj.openjdk.hotspot.jre.full.win32.x86_64_17.0.6.v20230125-1136\jre\bin\sunmscapi.dll

Deoptimization events (14 events):
Event: 2.729 Thread 0x000002112cbf86f0 DEOPT PACKING pc=0x0000021130845499 sp=0x000000c3fc7fd0d0
Event: 2.729 Thread 0x000002112cbf86f0 DEOPT UNPACKING pc=0x00000211302f7143 sp=0x000000c3fc7fc5b0 mode 3
Event: 4.331 Thread 0x000002112cbf86f0 DEOPT PACKING pc=0x0000021130886914 sp=0x000000c3fc7fd5c0
Event: 4.331 Thread 0x000002112cbf86f0 DEOPT UNPACKING pc=0x00000211302f7143 sp=0x000000c3fc7fcb18 mode 0
Event: 6.592 Thread 0x000002112cbf86f0 DEOPT PACKING pc=0x0000021130b0067d sp=0x000000c3fc7f5060
Event: 6.592 Thread 0x000002112cbf86f0 DEOPT UNPACKING pc=0x00000211302f7143 sp=0x000000c3fc7f45c8 mode 3
Event: 8.323 Thread 0x000002112cbf86f0 DEOPT PACKING pc=0x0000021130b4d799 sp=0x000000c3fc7faf90
Event: 8.323 Thread 0x000002112cbf86f0 DEOPT UNPACKING pc=0x00000211302f7143 sp=0x000000c3fc7fa470 mode 3
Event: 9.022 Thread 0x000002112cbf86f0 DEOPT PACKING pc=0x0000021130830c52 sp=0x000000c3fc7fabf0
Event: 9.022 Thread 0x000002112cbf86f0 DEOPT UNPACKING pc=0x00000211302f7143 sp=0x000000c3fc7fa0f8 mode 3
Event: 9.022 Thread 0x000002112cbf86f0 DEOPT PACKING pc=0x000002113083f245 sp=0x000000c3fc7fabb0
Event: 9.022 Thread 0x000002112cbf86f0 DEOPT UNPACKING pc=0x00000211302f7143 sp=0x000000c3fc7fa0f8 mode 3
Event: 124.386 Thread 0x000002113d633d60 DEOPT PACKING pc=0x000002113040e8fb sp=0x000000c3ff8fb3d0
Event: 124.386 Thread 0x000002113d633d60 DEOPT UNPACKING pc=0x00000211302f7143 sp=0x000000c3ff8fa8f8 mode 3

Classes unloaded (0 events):
No events

Classes redefined (0 events):
No events

Internal exceptions (20 events):
Event: 202.149 Thread 0x0000021140721a40 Exception <a 'java/io/IOException'{0x00000000868460e8}> (0x00000000868460e8) 
thrown [s\src\hotspot\share\prims\jni.cpp, line 516]
Event: 202.149 Thread 0x0000021140721a40 Exception <a 'java/io/IOException'{0x0000000086848268}> (0x0000000086848268) 
thrown [s\src\hotspot\share\prims\jni.cpp, line 516]
Event: 202.155 Thread 0x000002113d633d60 Exception <a 'java/io/IOException'{0x00000000868cad10}> (0x00000000868cad10) 
thrown [s\src\hotspot\share\prims\jni.cpp, line 516]
Event: 202.155 Thread 0x000002113d633d60 Exception <a 'java/io/IOException'{0x00000000868cc790}> (0x00000000868cc790) 
thrown [s\src\hotspot\share\prims\jni.cpp, line 516]
Event: 202.155 Thread 0x000002113d633d60 Exception <a 'java/io/IOException'{0x00000000868ce950}> (0x00000000868ce950) 
thrown [s\src\hotspot\share\prims\jni.cpp, line 516]
Event: 202.165 Thread 0x00000211407288f0 Exception <a 'java/io/IOException'{0x00000000867edb40}> (0x00000000867edb40) 
thrown [s\src\hotspot\share\prims\jni.cpp, line 516]
Event: 202.165 Thread 0x00000211407288f0 Exception <a 'java/io/IOException'{0x00000000867fd668}> (0x00000000867fd668) 
thrown [s\src\hotspot\share\prims\jni.cpp, line 516]
Event: 202.166 Thread 0x00000211407288f0 Exception <a 'java/io/IOException'{0x00000000867ff7e8}> (0x00000000867ff7e8) 
thrown [s\src\hotspot\share\prims\jni.cpp, line 516]
Event: 202.170 Thread 0x000002113d632a20 Exception <a 'java/io/IOException'{0x00000000865fe328}> (0x00000000865fe328) 
thrown [s\src\hotspot\share\prims\jni.cpp, line 516]
Event: 202.170 Thread 0x000002113d632a20 Exception <a 'java/io/IOException'{0x00000000865ffda8}> (0x00000000865ffda8) 
thrown [s\src\hotspot\share\prims\jni.cpp, line 516]
Event: 202.170 Thread 0x000002113d632a20 Exception <a 'java/io/IOException'{0x0000000086499740}> (0x0000000086499740) 
thrown [s\src\hotspot\share\prims\jni.cpp, line 516]
Event: 202.179 Thread 0x000002113d634bd0 Exception <a 'java/io/IOException'{0x00000000863abb60}> (0x00000000863abb60) 
thrown [s\src\hotspot\share\prims\jni.cpp, line 516]
Event: 202.179 Thread 0x000002113d634bd0 Exception <a 'java/io/IOException'{0x00000000863ad5e0}> (0x00000000863ad5e0) 
thrown [s\src\hotspot\share\prims\jni.cpp, line 516]
Event: 202.180 Thread 0x000002113d634bd0 Exception <a 'java/io/IOException'{0x00000000863fe7e0}> (0x00000000863fe7e0) 
thrown [s\src\hotspot\share\prims\jni.cpp, line 516]
Event: 202.185 Thread 0x0000021140726270 Exception <a 'java/io/IOException'{0x00000000861486f0}> (0x00000000861486f0) 
thrown [s\src\hotspot\share\prims\jni.cpp, line 516]
Event: 202.185 Thread 0x0000021140726270 Exception <a 'java/io/IOException'{0x000000008614a170}> (0x000000008614a170) 
thrown [s\src\hotspot\share\prims\jni.cpp, line 516]
Event: 202.186 Thread 0x0000021140726270 Exception <a 'java/io/IOException'{0x000000008614c330}> (0x000000008614c330) 
thrown [s\src\hotspot\share\prims\jni.cpp, line 516]
Event: 202.193 Thread 0x0000021140724a60 Exception <a 'java/io/IOException'{0x00000000860b1740}> (0x00000000860b1740) 
thrown [s\src\hotspot\share\prims\jni.cpp, line 516]
Event: 202.193 Thread 0x0000021140724a60 Exception <a 'java/io/IOException'{0x0000000085ffba90}> (0x0000000085ffba90) 
thrown [s\src\hotspot\share\prims\jni.cpp, line 516]
Event: 202.194 Thread 0x0000021140724a60 Exception <a 'java/io/IOException'{0x0000000085ffdc10}> (0x0000000085ffdc10) 
thrown [s\src\hotspot\share\prims\jni.cpp, line 516]

VM Operations (20 events):
Event: 197.877 Executing VM operation: G1CollectForAllocation
Event: 197.879 Executing VM operation: G1CollectForAllocation done
Event: 198.426 Executing VM operation: G1CollectForAllocation
Event: 198.428 Executing VM operation: G1CollectForAllocation done
Event: 198.997 Executing VM operation: G1CollectForAllocation
Event: 198.999 Executing VM operation: G1CollectForAllocation done
Event: 199.476 Executing VM operation: G1CollectForAllocation
Event: 199.478 Executing VM operation: G1CollectForAllocation done
Event: 199.949 Executing VM operation: G1CollectForAllocation
Event: 199.951 Executing VM operation: G1CollectForAllocation done
Event: 200.419 Executing VM operation: G1CollectForAllocation
Event: 200.421 Executing VM operation: G1CollectForAllocation done
Event: 200.805 Executing VM operation: G1CollectForAllocation
Event: 200.808 Executing VM operation: G1CollectForAllocation done
Event: 201.209 Executing VM operation: G1CollectForAllocation
Event: 201.211 Executing VM operation: G1CollectForAllocation done
Event: 201.551 Executing VM operation: G1CollectForAllocation
Event: 201.553 Executing VM operation: G1CollectForAllocation done
Event: 201.893 Executing VM operation: G1CollectForAllocation
Event: 201.895 Executing VM operation: G1CollectForAllocation done

Events (20 events):
Event: 147.594 loading class java/time/LocalTime$1 done
Event: 147.595 Thread 0x000002113bef18c0 Thread added: 0x000002113bef18c0
Event: 152.448 Thread 0x000002113bef18c0 Thread exited: 0x000002113bef18c0
Event: 152.448 Thread 0x00000211402d91c0 Thread exited: 0x00000211402d91c0
Event: 153.435 Thread 0x000002114025b060 Thread exited: 0x000002114025b060
Event: 171.903 Thread 0x000002114025b060 Thread added: 0x000002114025b060
Event: 171.990 Thread 0x000002113bef18c0 Thread added: 0x000002113bef18c0
Event: 171.991 Thread 0x00000211401ca020 Thread added: 0x00000211401ca020
Event: 176.118 Thread 0x00000211401ca020 Thread exited: 0x00000211401ca020
Event: 176.118 Thread 0x000002114025b060 Thread exited: 0x000002114025b060
Event: 176.118 Thread 0x000002113bef18c0 Thread exited: 0x000002113bef18c0
Event: 176.119 Thread 0x000002114025b060 Thread added: 0x000002114025b060
Event: 176.119 Thread 0x000002113bef18c0 Thread added: 0x000002113bef18c0
Event: 176.120 Thread 0x00000211401ca020 Thread added: 0x00000211401ca020
Event: 176.934 Thread 0x00000211401ca020 Thread exited: 0x00000211401ca020
Event: 177.399 Thread 0x000002113bef18c0 Thread exited: 0x000002113bef18c0
Event: 183.994 Thread 0x000002114025b060 Thread exited: 0x000002114025b060
Event: 201.960 Thread 0x0000021140ecc970 Thread added: 0x0000021140ecc970
Event: 201.960 Thread 0x0000021140ebfc10 Thread added: 0x0000021140ebfc10
Event: 201.960 Thread 0x0000021142000490 Thread added: 0x0000021142000490


Dynamic libraries:
0x00007ff68dcf0000 - 0x00007ff68dcfe000 	C:\Users\lenovo\Downloads\sts-4.17.2.RELEASE\plugins\org.eclipse.justj.openjdk.hotspot.jre.full.win32.x86_64_17.0.6.v20230125-1136\jre\bin\javaw.exe
0x00007ffed5c70000 - 0x00007ffed5e84000 	C:\WINDOWS\SYSTEM32\ntdll.dll
0x00007ffed4770000 - 0x00007ffed4832000 	C:\WINDOWS\System32\KERNEL32.DLL
0x00007ffed34f0000 - 0x00007ffed388c000 	C:\WINDOWS\System32\KERNELBASE.dll
0x00007ffed3240000 - 0x00007ffed3351000 	C:\WINDOWS\System32\ucrtbase.dll
0x00007ffeca4f0000 - 0x00007ffeca509000 	C:\Users\lenovo\Downloads\sts-4.17.2.RELEASE\plugins\org.eclipse.justj.openjdk.hotspot.jre.full.win32.x86_64_17.0.6.v20230125-1136\jre\bin\VCRUNTIME140.dll
0x00007ffecae60000 - 0x00007ffecae77000 	C:\Users\lenovo\Downloads\sts-4.17.2.RELEASE\plugins\org.eclipse.justj.openjdk.hotspot.jre.full.win32.x86_64_17.0.6.v20230125-1136\jre\bin\jli.dll
0x00007ffed5590000 - 0x00007ffed573b000 	C:\WINDOWS\System32\USER32.dll
0x00007ffebbc80000 - 0x00007ffebbf0e000 	C:\WINDOWS\WinSxS\amd64_microsoft.windows.common-controls_6595b64144ccf1df_6.0.22621.608_none_a9444ca7c10bb01d\COMCTL32.dll
0x00007ffed34c0000 - 0x00007ffed34e6000 	C:\WINDOWS\System32\win32u.dll
0x00007ffed5340000 - 0x00007ffed5369000 	C:\WINDOWS\System32\GDI32.dll
0x00007ffed4500000 - 0x00007ffed45a7000 	C:\WINDOWS\System32\msvcrt.dll
0x00007ffed3120000 - 0x00007ffed3233000 	C:\WINDOWS\System32\gdi32full.dll
0x00007ffed3360000 - 0x00007ffed33fa000 	C:\WINDOWS\System32\msvcp_win.dll
0x00007ffed5470000 - 0x00007ffed54a1000 	C:\WINDOWS\System32\IMM32.DLL
0x00007ffecae50000 - 0x00007ffecae5c000 	C:\Users\lenovo\Downloads\sts-4.17.2.RELEASE\plugins\org.eclipse.justj.openjdk.hotspot.jre.full.win32.x86_64_17.0.6.v20230125-1136\jre\bin\vcruntime140_1.dll
0x00007ffe77290000 - 0x00007ffe77321000 	C:\Users\lenovo\Downloads\sts-4.17.2.RELEASE\plugins\org.eclipse.justj.openjdk.hotspot.jre.full.win32.x86_64_17.0.6.v20230125-1136\jre\bin\msvcp140.dll
0x00007ffe7dd60000 - 0x00007ffe7e9a7000 	C:\Users\lenovo\Downloads\sts-4.17.2.RELEASE\plugins\org.eclipse.justj.openjdk.hotspot.jre.full.win32.x86_64_17.0.6.v20230125-1136\jre\bin\server\jvm.dll
0x00007ffed3f10000 - 0x00007ffed3fbe000 	C:\WINDOWS\System32\ADVAPI32.dll
0x00007ffed4450000 - 0x00007ffed44f4000 	C:\WINDOWS\System32\sechost.dll
0x00007ffed45b0000 - 0x00007ffed46c7000 	C:\WINDOWS\System32\RPCRT4.dll
0x00007ffec14d0000 - 0x00007ffec14d9000 	C:\WINDOWS\SYSTEM32\WSOCK32.dll
0x00007ffecbed0000 - 0x00007ffecbf04000 	C:\WINDOWS\SYSTEM32\WINMM.dll
0x00007ffed5370000 - 0x00007ffed53e1000 	C:\WINDOWS\System32\WS2_32.dll
0x00007ffec8050000 - 0x00007ffec805a000 	C:\WINDOWS\SYSTEM32\VERSION.dll
0x00007ffed21b0000 - 0x00007ffed21c8000 	C:\WINDOWS\SYSTEM32\kernel.appcore.dll
0x00007ffebe1a0000 - 0x00007ffebe1aa000 	C:\Users\lenovo\Downloads\sts-4.17.2.RELEASE\plugins\org.eclipse.justj.openjdk.hotspot.jre.full.win32.x86_64_17.0.6.v20230125-1136\jre\bin\jimage.dll
0x00007ffed0cf0000 - 0x00007ffed0f1e000 	C:\WINDOWS\SYSTEM32\DBGHELP.DLL
0x00007ffed3a80000 - 0x00007ffed3e09000 	C:\WINDOWS\System32\combase.dll
0x00007ffed54b0000 - 0x00007ffed5587000 	C:\WINDOWS\System32\OLEAUT32.dll
0x00007ffec3250000 - 0x00007ffec3282000 	C:\WINDOWS\SYSTEM32\dbgcore.DLL
0x00007ffed3a00000 - 0x00007ffed3a7b000 	C:\WINDOWS\System32\bcryptPrimitives.dll
0x00007ffea64e0000 - 0x00007ffea6505000 	C:\Users\lenovo\Downloads\sts-4.17.2.RELEASE\plugins\org.eclipse.justj.openjdk.hotspot.jre.full.win32.x86_64_17.0.6.v20230125-1136\jre\bin\java.dll
0x00007ffeaa3c0000 - 0x00007ffeaa3d8000 	C:\Users\lenovo\Downloads\sts-4.17.2.RELEASE\plugins\org.eclipse.justj.openjdk.hotspot.jre.full.win32.x86_64_17.0.6.v20230125-1136\jre\bin\zip.dll
0x00007ffed4840000 - 0x00007ffed5030000 	C:\WINDOWS\System32\SHELL32.dll
0x00007ffed1080000 - 0x00007ffed194d000 	C:\WINDOWS\SYSTEM32\windows.storage.dll
0x00007ffed0f40000 - 0x00007ffed107e000 	C:\WINDOWS\SYSTEM32\wintypes.dll
0x00007ffed3e10000 - 0x00007ffed3f01000 	C:\WINDOWS\System32\SHCORE.dll
0x00007ffed5400000 - 0x00007ffed545e000 	C:\WINDOWS\System32\shlwapi.dll
0x00007ffed2fe0000 - 0x00007ffed3001000 	C:\WINDOWS\SYSTEM32\profapi.dll
0x00007ffea8f70000 - 0x00007ffea8f89000 	C:\Users\lenovo\Downloads\sts-4.17.2.RELEASE\plugins\org.eclipse.justj.openjdk.hotspot.jre.full.win32.x86_64_17.0.6.v20230125-1136\jre\bin\net.dll
0x00007ffecbd90000 - 0x00007ffecbec7000 	C:\WINDOWS\SYSTEM32\WINHTTP.dll
0x00007ffed2610000 - 0x00007ffed2679000 	C:\WINDOWS\system32\mswsock.dll
0x00007ffea64c0000 - 0x00007ffea64d5000 	C:\Users\lenovo\Downloads\sts-4.17.2.RELEASE\plugins\org.eclipse.justj.openjdk.hotspot.jre.full.win32.x86_64_17.0.6.v20230125-1136\jre\bin\nio.dll
0x00007ffeb6d80000 - 0x00007ffeb6d89000 	C:\Users\lenovo\Downloads\sts-4.17.2.RELEASE\plugins\org.eclipse.justj.openjdk.hotspot.jre.full.win32.x86_64_17.0.6.v20230125-1136\jre\bin\management.dll
0x00007ffea9bd0000 - 0x00007ffea9bdb000 	C:\Users\lenovo\Downloads\sts-4.17.2.RELEASE\plugins\org.eclipse.justj.openjdk.hotspot.jre.full.win32.x86_64_17.0.6.v20230125-1136\jre\bin\management_ext.dll
0x00007ffed5460000 - 0x00007ffed5468000 	C:\WINDOWS\System32\PSAPI.DLL
0x00007ffe885a0000 - 0x00007ffe885b7000 	C:\WINDOWS\system32\napinsp.dll
0x00007ffe7d020000 - 0x00007ffe7d03b000 	C:\WINDOWS\system32\pnrpnsp.dll
0x00007ffed1c80000 - 0x00007ffed1d73000 	C:\WINDOWS\SYSTEM32\DNSAPI.dll
0x00007ffed1c10000 - 0x00007ffed1c3d000 	C:\WINDOWS\SYSTEM32\IPHLPAPI.DLL
0x00007ffed4440000 - 0x00007ffed4449000 	C:\WINDOWS\System32\NSI.dll
0x00007ffe7d000000 - 0x00007ffe7d011000 	C:\WINDOWS\System32\winrnr.dll
0x00007ffecbb50000 - 0x00007ffecbb65000 	C:\WINDOWS\system32\wshbth.dll
0x00007ffe7d110000 - 0x00007ffe7d131000 	C:\WINDOWS\system32\nlansp_c.dll
0x00007ffec8ec0000 - 0x00007ffec8eca000 	C:\Windows\System32\rasadhlp.dll
0x00007ffec9db0000 - 0x00007ffec9e33000 	C:\WINDOWS\System32\fwpuclnt.dll
0x00007ffed2930000 - 0x00007ffed294b000 	C:\WINDOWS\SYSTEM32\CRYPTSP.dll
0x00007ffed2120000 - 0x00007ffed2155000 	C:\WINDOWS\system32\rsaenh.dll
0x00007ffed26b0000 - 0x00007ffed26d8000 	C:\WINDOWS\SYSTEM32\USERENV.dll
0x00007ffed2a60000 - 0x00007ffed2a88000 	C:\WINDOWS\SYSTEM32\bcrypt.dll
0x00007ffed2910000 - 0x00007ffed291c000 	C:\WINDOWS\SYSTEM32\CRYPTBASE.dll
0x00007ffecbf60000 - 0x00007ffecbf79000 	C:\WINDOWS\SYSTEM32\dhcpcsvc6.DLL
0x00007ffecbc30000 - 0x00007ffecbc4f000 	C:\WINDOWS\SYSTEM32\dhcpcsvc.DLL
0x00007ffebd870000 - 0x00007ffebd880000 	C:\Users\lenovo\Downloads\sts-4.17.2.RELEASE\plugins\org.eclipse.justj.openjdk.hotspot.jre.full.win32.x86_64_17.0.6.v20230125-1136\jre\bin\verify.dll
0x00007ffeb2fb0000 - 0x00007ffeb2fbe000 	C:\Users\lenovo\Downloads\sts-4.17.2.RELEASE\plugins\org.eclipse.justj.openjdk.hotspot.jre.full.win32.x86_64_17.0.6.v20230125-1136\jre\bin\sunmscapi.dll
0x00007ffed3890000 - 0x00007ffed39f6000 	C:\WINDOWS\System32\CRYPT32.dll
0x00007ffed2a30000 - 0x00007ffed2a5e000 	C:\WINDOWS\SYSTEM32\ncrypt.dll
0x00007ffed29f0000 - 0x00007ffed2a27000 	C:\WINDOWS\SYSTEM32\NTASN1.dll
0x00007ffeaee20000 - 0x00007ffeaee28000 	C:\WINDOWS\system32\wshunix.dll

dbghelp: loaded successfully - version: 4.0.5 - missing functions: none
symbol engine: initialized successfully - sym options: 0x614 - pdb path: .;C:\Users\lenovo\Downloads\sts-4.17.2.RELEASE\plugins\org.eclipse.justj.openjdk.hotspot.jre.full.win32.x86_64_17.0.6.v20230125-1136\jre\bin;C:\WINDOWS\SYSTEM32;C:\WINDOWS\WinSxS\amd64_microsoft.windows.common-controls_6595b64144ccf1df_6.0.22621.608_none_a9444ca7c10bb01d;C:\Users\lenovo\Downloads\sts-4.17.2.RELEASE\plugins\org.eclipse.justj.openjdk.hotspot.jre.full.win32.x86_64_17.0.6.v20230125-1136\jre\bin\server

VM Arguments:
jvm_args: -Dcom.sun.management.jmxremote -Dcom.sun.management.jmxremote.port=50563 -Dcom.sun.management.jmxremote.authenticate=false -Dcom.sun.management.jmxremote.ssl=false -Djava.rmi.server.hostname=localhost -Dspring.jmx.enabled=true -Dmanagement.endpoints.jmx.exposure.include=* -Dspring.application.admin.enabled=true -XX:TieredStopAtLevel=1 -Dspring.boot.project.name=back -Dfile.encoding=UTF-8 -XX:+ShowCodeDetailsInExceptionMessages 
java_command: com.example.demo.SpringBootLoginExampleApplication --spring.output.ansi.enabled=always
java_class_path (initial): C:\Users\lenovo\Desktop\pfe\back\target\classes;C:\Users\lenovo\.m2\repository\org\springframework\boot\spring-boot-starter-data-jpa\2.7.3\spring-boot-starter-data-jpa-2.7.3.jar;C:\Users\lenovo\.m2\repository\org\springframework\boot\spring-boot-starter-aop\2.7.3\spring-boot-starter-aop-2.7.3.jar;C:\Users\lenovo\.m2\repository\org\aspectj\aspectjweaver\1.9.7\aspectjweaver-1.9.7.jar;C:\Users\lenovo\.m2\repository\org\springframework\boot\spring-boot-starter-jdbc\2.7.3\spring-boot-starter-jdbc-2.7.3.jar;C:\Users\lenovo\.m2\repository\com\zaxxer\HikariCP\4.0.3\HikariCP-4.0.3.jar;C:\Users\lenovo\.m2\repository\org\springframework\spring-jdbc\5.3.22\spring-jdbc-5.3.22.jar;C:\Users\lenovo\.m2\repository\jakarta\transaction\jakarta.transaction-api\1.3.3\jakarta.transaction-api-1.3.3.jar;C:\Users\lenovo\.m2\repository\jakarta\persistence\jakarta.persistence-api\2.2.3\jakarta.persistence-api-2.2.3.jar;C:\Users\lenovo\.m2\repository\org\hibernate\hibernate-core\5.6.10.Final\hibernate-core-5.6.10.Final.jar;C:\Users\lenovo\.m2\repository\org\jboss\logging\jboss-logging\3.4.3.Final\jboss-logging-3.4.3.Final.jar;C:\Users\lenovo\.m2\repository\net\bytebuddy\byte-buddy\1.12.13\byte-buddy-1.12.13.jar;C:\Users\lenovo\.m2\repository\antlr\antlr\2.7.7\antlr-2.7.7.jar;C:\Users\lenovo\.m2\repository\org\jboss\jandex\2.4.2.Final\jandex-2.4.2.Final.jar;C:\Users\lenovo\.m2\repository\com\fasterxml\classmate\1.5.1\classmate-1.5.1.jar;C:\Users\lenovo\.m2\repository\org\hibernate\common\hibernate-commons-annotations\5.1.2.Final\hibernate-commons-annotations-5.1.2.Final.jar;C:\Users\lenovo\.m2\repository\org\glassfish\jaxb\jaxb-runtime\2.3.6\jaxb-runtime-2.3.6.jar;C:\Users\lenovo\.m2\repository\org\glassfish\jaxb\txw2\2.3.6\txw2-2.3.6.jar;C:\Users\lenovo\.m2\repository\com\sun\istack\istack-commons-runtime\3.0.12\istack-commons-runtime-3.0.12.jar;C:\Users\lenovo\.m2\repository\com\sun\activation\jakarta.activation\1.2.2\jakarta.activation-1.2.2.jar;C:\Users\lenovo\.
Launcher Type: SUN_STANDARD

[Global flags]
     intx CICompilerCount                          = 4                                         {product} {ergonomic}
     uint ConcGCThreads                            = 2                                         {product} {ergonomic}
     uint G1ConcRefinementThreads                  = 8                                         {product} {ergonomic}
   size_t G1HeapRegionSize                         = 1048576                                   {product} {ergonomic}
    uintx GCDrainStackTargetSize                   = 64                                        {product} {ergonomic}
   size_t InitialHeapSize                          = 132120576                                 {product} {ergonomic}
     bool ManagementServer                         = true                                      {product} {command line}
   size_t MarkStackSize                            = 4194304                                   {product} {ergonomic}
   size_t MaxHeapSize                              = 2113929216                                {product} {ergonomic}
   size_t MaxNewSize                               = 1267728384                                {product} {ergonomic}
   size_t MinHeapDeltaBytes                        = 1048576                                   {product} {ergonomic}
   size_t MinHeapSize                              = 8388608                                   {product} {ergonomic}
    uintx NonProfiledCodeHeapSize                  = 0                                      {pd product} {ergonomic}
     bool ProfileInterpreter                       = false                                  {pd product} {command line}
    uintx ProfiledCodeHeapSize                     = 0                                      {pd product} {ergonomic}
     bool ShowCodeDetailsInExceptionMessages       = true                                   {manageable} {command line}
   size_t SoftMaxHeapSize                          = 2113929216                             {manageable} {ergonomic}
     intx TieredStopAtLevel                        = 1                                         {product} {command line}
     bool UseCompressedClassPointers               = true                           {product lp64_product} {ergonomic}
     bool UseCompressedOops                        = true                           {product lp64_product} {ergonomic}
     bool UseG1GC                                  = true                                      {product} {ergonomic}
     bool UseLargePagesIndividualAllocation        = false                                  {pd product} {ergonomic}

Logging:
Log output configuration:
 #0: stdout all=warning uptime,level,tags
 #1: stderr all=off uptime,level,tags

Environment Variables:
PATH=C:/Users/lenovo/Downloads/sts-4.17.2.RELEASE//plugins/org.eclipse.justj.openjdk.hotspot.jre.full.win32.x86_64_17.0.6.v20230125-1136/jre/bin/server;C:/Users/lenovo/Downloads/sts-4.17.2.RELEASE//plugins/org.eclipse.justj.openjdk.hotspot.jre.full.win32.x86_64_17.0.6.v20230125-1136/jre/bin;C:\Program Files\Common Files\Oracle\Java\javapath;C:\WINDOWS\system32;C:\WINDOWS;C:\WINDOWS\System32\Wbem;C:\WINDOWS\System32\WindowsPowerShell\v1.0\;C:\WINDOWS\System32\OpenSSH\;C:\Program Files\swipl\bin;C:\xampp\php;C:\laragon\bin\php\php-8.1.4-Win32-vs16-x64;C:\ProgramData\ComposerSetup\bin;C:\Program Files\dotnet\;C:\laragon\;C:\Users\lenovo\AppData\Roaming\Microsoft\Windows\Start Menu\Programs\Python 3.9;C:\Program Files\Git\cmd;C:\WINDOWS\system32;C:\WINDOWS;C:\WINDOWS\System32\Wbem;C:\WINDOWS\System32\WindowsPowerShell\v1.0\;C:\WINDOWS\System32\OpenSSH\;C:\Program Files (x86)\Microsoft SQL Server\150\Tools\Binn\;C:\Program Files\Microsoft SQL Server\150\Tools\Binn\;C:\Program Files (x86)\Microsoft SQL Server\150\DTS\Binn\;C:\Program Files\Microsoft SQL Server\150\DTS\Binn\;C:\Program Files\Microsoft SQL Server\Client SDK\ODBC\170\Tools\Binn\;C:\Program Files\Azure Data Studio\bin;C:\Program Files (x86)\Microsoft SQL Server\110\DTS\Binn\;C:\Program Files (x86)\Microsoft SQL Server\120\DTS\Binn\;C:\Program Files (x86)\Microsoft SQL Server\130\DTS\Binn\;C:\Program Files (x86)\Microsoft SQL Server\140\DTS\Binn\;C:\Program Files (x86)\Microsoft SQL Server\160\DTS\Binn\;C:\Program Files\Java\jdk-17\bin;C:\Users\lenovo\AppData\Local\Programs\Python\Python37\Scripts\;C:\Users\lenovo\AppData\Local\Programs\Python\Python37\;C:\laragon\bin;C:\laragon\bin\apache\httpd-2.4.47-win64-VS16\bin;C:\laragon\bin\composer;C:\laragon\bin\git\bin;C:\laragon\bin\git\cmd;C:\laragon\bin\git\mingw64\bin;C:\laragon\bin\git\usr\bin;C:\laragon\bin\laragon\utils;C:\laragon\bin\mysql\mysql-5.7.33-winx64\bin;C:\laragon\bin\nginx\nginx-1.19.10;C:\laragon\bin\ngrok;C:\laragon\bin\nodejs\node-v14;C:\laragon\b
USERNAME=lenovo
OS=Windows_NT
PROCESSOR_IDENTIFIER=Intel64 Family 6 Model 142 Stepping 10, GenuineIntel
TMP=C:\Users\lenovo\AppData\Local\Temp
TEMP=C:\Users\lenovo\AppData\Local\Temp



---------------  S Y S T E M  ---------------

OS:
 Windows 11 , 64 bit Build 22621 (10.0.22621.1485)
OS uptime: 0 days 0:07 hours
Hyper-V role detected

CPU: total 8 (initial active 8) (4 cores per cpu, 2 threads per core) family 6 model 142 stepping 10 microcode 0xe0, cx8, cmov, fxsr, ht, mmx, 3dnowpref, sse, sse2, sse3, ssse3, sse4.1, sse4.2, popcnt, lzcnt, tsc, tscinvbit, avx, avx2, aes, erms, clmul, bmi1, bmi2, adx, fma, vzeroupper, clflush, clflushopt, hv

Memory: 4k page, system-wide physical 8058M (929M free)
TotalPageFile size 11058M (AvailPageFile size 0M)
current process WorkingSet (physical memory assigned to process): 286M, peak: 292M
current process commit charge ("private bytes"): 326M, peak: 330M

vm_info: OpenJDK 64-Bit Server VM (17.0.6+10) for windows-amd64 JRE (17.0.6+10), built on Jan 18 2023 10:08:59 by "temurin" with MS VC++ 16.7 (VS2019)

END.
