#
# There is insufficient memory for the Java Runtime Environment to continue.
# Native memory allocation (malloc) failed to allocate 32744 bytes for ChunkPool::allocate
# Possible reasons:
#   The system is out of physical RAM or swap space
#   The process is running with CompressedOops enabled, and the Java Heap may be blocking the growth of the native heap
# Possible solutions:
#   Reduce memory load on the system
#   Increase physical memory or swap space
#   Check if swap backing store is full
#   Decrease Java heap size (-Xmx/-Xms)
#   Decrease number of Java threads
#   Decrease Java thread stack sizes (-Xss)
#   Set larger code cache with -XX:ReservedCodeCacheSize=
#   JVM is running with Unscaled Compressed Oops mode in which the Java heap is
#     placed in the first 4GB address space. The Java Heap base address is the
#     maximum limit for the native heap growth. Please use -XX:HeapBaseMinAddress
#     to set the Java Heap base and to place the Java Heap above 4GB virtual address.
# This output file may be truncated or incomplete.
#
#  Out of Memory Error (arena.cpp:78), pid=7596, tid=14740
#
# JRE version: OpenJDK Runtime Environment Temurin-17.0.6+10 (17.0.6+10) (build 17.0.6+10)
# Java VM: OpenJDK 64-Bit Server VM Temurin-17.0.6+10 (17.0.6+10, mixed mode, emulated-client, tiered, compressed oops, compressed class ptrs, g1 gc, windows-amd64)
# No core dump will be written. Minidumps are not enabled by default on client versions of Windows
#

---------------  S U M M A R Y ------------

Command Line: -Dcom.sun.management.jmxremote -Dcom.sun.management.jmxremote.port=62762 -Dcom.sun.management.jmxremote.authenticate=false -Dcom.sun.management.jmxremote.ssl=false -Djava.rmi.server.hostname=localhost -Dspring.jmx.enabled=true -Dmanagement.endpoints.jmx.exposure.include=* -Dspring.application.admin.enabled=true -XX:TieredStopAtLevel=1 -Dspring.boot.project.name=back -Dfile.encoding=UTF-8 -XX:+ShowCodeDetailsInExceptionMessages com.example.demo.SpringBootLoginExampleApplication --spring.output.ansi.enabled=always

Host: Intel(R) Core(TM) i5-8250U CPU @ 1.60GHz, 8 cores, 7G,  Windows 11 , 64 bit Build 22621 (10.0.22621.1485)
Time: Sat May  6 16:37:26 2023 Paris, Madrid (heure duild 22621 (10.0.22621.1485) elapsed time: 1360.648979 seconds (0d 0h 22m 40s)

---------------  T H R E A D  ---------------

Current thread (0x0000026afeef17c0):  JavaThread "C1 CompilerThread3" daemon [_thread_in_native, id=14740, stack(0x0000009055800000,0x0000009055900000)]


Current CompileTask:
C1:1360649 10579       1       org.springframework.web.servlet.mvc.method.annotation.ExceptionHandlerExceptionResolver::getExceptionHandlerMethod (208 bytes)

Stack: [0x0000009055800000,0x0000009055900000]
Native frames: (J=compiled Java code, j=interpreted, Vv=VM code, C=native code)
V  [jvm.dll+0x67741a]
V  [jvm.dll+0x834434]
V  [jvm.dll+0x835bde]
V  [jvm.dll+0x836243]
V  [jvm.dll+0x2457b5]
V  [jvm.dll+0xabd1c]
V  [jvm.dll+0xac0cc]
V  [jvm.dll+0x16d617]
V  [jvm.dll+0x160d9a]
V  [jvm.dll+0x15ddfe]
V  [jvm.dll+0x14c120]
V  [jvm.dll+0x134d07]
V  [jvm.dll+0x13468f]
V  [jvm.dll+0x1348c6]
V  [jvm.dll+0x133d5a]
V  [jvm.dll+0x135a21]
V  [jvm.dll+0x22742a]
V  [jvm.dll+0x225565]
V  [jvm.dll+0x7ea2cb]
V  [jvm.dll+0x7e483a]
V  [jvm.dll+0x6762c5]
C  [ucrtbase.dll+0x29363]
C  [KERNEL32.DLL+0x1269d]
C  [ntdll.dll+0x5a9f8]


---------------  P R O C E S S  ---------------

Threads class SMR info:
_java_thread_list=0x0000026afe86c8e0, length=37, elements={
0x0000026af8f9f450, 0x0000026af8fa1f20, 0x0000026af980a330, 0x0000026af980d100,
0x0000026af9841000, 0x0000026af98418c0, 0x0000026af984a190, 0x0000026af984aa90,
0x0000026af98a2240, 0x0000026af9a087b0, 0x0000026afa0a41f0, 0x0000026afa0cbe20,
0x0000026afa0cc740, 0x0000026afa1a4820, 0x0000026afa19d030, 0x0000026afa45d8c0,
0x0000026afbb9c670, 0x0000026afbb9cb40, 0x0000026afbb9c1a0, 0x0000026afbb9b800,
0x0000026afe9423c0, 0x0000026afe942890, 0x0000026afe942d60, 0x0000026afe943230,
0x0000026afe93f870, 0x0000026afe941550, 0x0000026afe943700, 0x0000026afe944570,
0x0000026afe93e530, 0x0000026afe943bd0, 0x0000026afe944a40, 0x0000026afe9406e0,
0x0000026afe93f3a0, 0x0000026afe93fd40, 0x0000026afeef4340, 0x0000026aff3a49c0,
0x0000026afeef17c0
}

Java Threads: ( => current thread )
  0x0000026af8f9f450 JavaThread "Reference Handler" daemon [_thread_blocked, id=3968, stack(0x0000009055600000,0x0000009055700000)]
  0x0000026af8fa1f20 JavaThread "Finalizer" daemon [_thread_blocked, id=17688, stack(0x0000009055700000,0x0000009055800000)]
  0x0000026af980a330 JavaThread "Signal Dispatcher" daemon [_thread_blocked, id=17068, stack(0x0000009055900000,0x0000009055a00000)]
  0x0000026af980d100 JavaThread "Attach Listener" daemon [_thread_blocked, id=8004, stack(0x0000009055a00000,0x0000009055b00000)]
  0x0000026af9841000 JavaThread "Service Thread" daemon [_thread_blocked, id=14472, stack(0x0000009055b00000,0x0000009055c00000)]
  0x0000026af98418c0 JavaThread "Monitor Deflation Thread" daemon [_thread_blocked, id=16868, stack(0x0000009055c00000,0x0000009055d00000)]
  0x0000026af984a190 JavaThread "C1 CompilerThread0" daemon [_thread_blocked, id=3228, stack(0x0000009055d00000,0x0000009055e00000)]
  0x0000026af984aa90 JavaThread "Sweeper thread" daemon [_thread_blocked, id=9488, stack(0x0000009055e00000,0x0000009055f00000)]
  0x0000026af98a2240 JavaThread "Common-Cleaner" daemon [_thread_blocked, id=4828, stack(0x0000009055f00000,0x0000009056000000)]
  0x0000026af9a087b0 JavaThread "Notification Thread" daemon [_thread_blocked, id=15144, stack(0x0000009056100000,0x0000009056200000)]
  0x0000026afa0a41f0 JavaThread "RMI TCP Accept-0" daemon [_thread_in_native, id=19272, stack(0x0000009056300000,0x0000009056400000)]
  0x0000026afa0cbe20 JavaThread "RMI TCP Accept-62762" daemon [_thread_in_native, id=1396, stack(0x0000009056400000,0x0000009056500000)]
  0x0000026afa0cc740 JavaThread "RMI TCP Accept-0" daemon [_thread_in_native, id=19144, stack(0x0000009056500000,0x0000009056600000)]
  0x0000026afa1a4820 JavaThread "RMI Scheduler(0)" daemon [_thread_blocked, id=17896, stack(0x0000009056800000,0x0000009056900000)]
  0x0000026afa19d030 JavaThread "RMI TCP Connection(idle)" daemon [_thread_blocked, id=16452, stack(0x0000009056900000,0x0000009056a00000)]
  0x0000026afa45d8c0 JavaThread "JMX server connection timeout 22" daemon [_thread_blocked, id=12244, stack(0x0000009056b00000,0x0000009056c00000)]
  0x0000026afbb9c670 JavaThread "mysql-cj-abandoned-connection-cleanup" daemon [_thread_blocked, id=16608, stack(0x0000009057500000,0x0000009057600000)]
  0x0000026afbb9cb40 JavaThread "HikariPool-1 housekeeper" daemon [_thread_blocked, id=6208, stack(0x0000009057800000,0x0000009057900000)]
  0x0000026afbb9c1a0 JavaThread "Catalina-utility-1" [_thread_blocked, id=18860, stack(0x0000009057a00000,0x0000009057b00000)]
  0x0000026afbb9b800 JavaThread "Catalina-utility-2" [_thread_blocked, id=5424, stack(0x0000009057b00000,0x0000009057c00000)]
  0x0000026afe9423c0 JavaThread "container-0" [_thread_blocked, id=16480, stack(0x0000009057c00000,0x0000009057d00000)]
  0x0000026afe942890 JavaThread "http-nio-8080-exec-1" daemon [_thread_blocked, id=14484, stack(0x0000009057900000,0x0000009057a00000)]
  0x0000026afe942d60 JavaThread "http-nio-8080-exec-2" daemon [_thread_blocked, id=18688, stack(0x0000009057d00000,0x0000009057e00000)]
  0x0000026afe943230 JavaThread "http-nio-8080-exec-3" daemon [_thread_blocked, id=9816, stack(0x0000009057e00000,0x0000009057f00000)]
  0x0000026afe93f870 JavaThread "http-nio-8080-exec-4" daemon [_thread_blocked, id=10580, stack(0x0000009057f00000,0x0000009058000000)]
  0x0000026afe941550 JavaThread "http-nio-8080-exec-5" daemon [_thread_in_Java, id=2244, stack(0x0000009058000000,0x0000009058100000)]
  0x0000026afe943700 JavaThread "http-nio-8080-exec-6" daemon [_thread_blocked, id=200, stack(0x0000009058100000,0x0000009058200000)]
  0x0000026afe944570 JavaThread "http-nio-8080-exec-7" daemon [_thread_blocked, id=15976, stack(0x0000009058200000,0x0000009058300000)]
  0x0000026afe93e530 JavaThread "http-nio-8080-exec-8" daemon [_thread_in_Java, id=1440, stack(0x0000009058300000,0x0000009058400000)]
  0x0000026afe943bd0 JavaThread "http-nio-8080-exec-9" daemon [_thread_blocked, id=14452, stack(0x0000009058400000,0x0000009058500000)]
  0x0000026afe944a40 JavaThread "http-nio-8080-exec-10" daemon [_thread_blocked, id=15828, stack(0x0000009058500000,0x0000009058600000)]
  0x0000026afe9406e0 JavaThread "http-nio-8080-Poller" daemon [_thread_in_native, id=13272, stack(0x0000009058600000,0x0000009058700000)]
  0x0000026afe93f3a0 JavaThread "http-nio-8080-Acceptor" daemon [_thread_in_native, id=2376, stack(0x0000009058700000,0x0000009058800000)]
  0x0000026afe93fd40 JavaThread "DestroyJavaVM" [_thread_blocked, id=13100, stack(0x0000009054f00000,0x0000009055000000)]
  0x0000026afeef4340 JavaThread "C1 CompilerThread1" daemon [_thread_blocked, id=18048, stack(0x0000009054d00000,0x0000009054e00000)]
  0x0000026aff3a49c0 JavaThread "C1 CompilerThread2" daemon [_thread_blocked, id=12220, stack(0x0000009054e00000,0x0000009054f00000)]
=>0x0000026afeef17c0 JavaThread "C1 CompilerThread3" daemon [_thread_in_native, id=14740, stack(0x0000009055800000,0x0000009055900000)]

Other Threads:
  0x0000026af8f9b980 VMThread "VM Thread" [stack: 0x0000009055500000,0x0000009055600000] [id=13640]
  0x0000026afa0af600 WatcherThread [stack: 0x0000009056600000,0x0000009056700000] [id=18544]
  0x0000026aeb303b50 GCTaskThread "GC Thread#0" [stack: 0x0000009055000000,0x0000009055100000] [id=13340]
  0x0000026afa52ea50 GCTaskThread "GC Thread#1" [stack: 0x0000009056c00000,0x0000009056d00000] [id=2056]
  0x0000026afa52ed00 GCTaskThread "GC Thread#2" [stack: 0x0000009056d00000,0x0000009056e00000] [id=3916]
  0x0000026afb374560 GCTaskThread "GC Thread#3" [stack: 0x0000009056e00000,0x0000009056f00000] [id=8052]
  0x0000026afb384820 GCTaskThread "GC Thread#4" [stack: 0x0000009056f00000,0x0000009057000000] [id=11724]
  0x0000026afb384ad0 GCTaskThread "GC Thread#5" [stack: 0x0000009057000000,0x0000009057100000] [id=7108]
  0x0000026afb384d80 GCTaskThread "GC Thread#6" [stack: 0x0000009057100000,0x0000009057200000] [id=18436]
  0x0000026afb385030 GCTaskThread "GC Thread#7" [stack: 0x0000009057200000,0x0000009057300000] [id=2508]
  0x0000026aeb3147f0 ConcurrentGCThread "G1 Main Marker" [stack: 0x0000009055100000,0x0000009055200000] [id=5152]
  0x0000026aeb316850 ConcurrentGCThread "G1 Conc#0" [stack: 0x0000009055200000,0x0000009055300000] [id=10836]
  0x0000026afb475130 ConcurrentGCThread "G1 Conc#1" [stack: 0x0000009057600000,0x0000009057700000] [id=15572]
  0x0000026aeb35d400 ConcurrentGCThread "G1 Refine#0" [stack: 0x0000009055300000,0x0000009055400000] [id=13460]
  0x0000026afa5292d0 ConcurrentGCThread "G1 Refine#1" [stack: 0x0000009057300000,0x0000009057400000] [id=15584]
  0x0000026afb374150 ConcurrentGCThread "G1 Refine#2" [stack: 0x0000009057400000,0x0000009057500000] [id=308]
  0x0000026aeb35ebe0 ConcurrentGCThread "G1 Service" [stack: 0x0000009055400000,0x0000009055500000] [id=15036]

Threads with active compile tasks:
C1 CompilerThread3  1360740 10579       1       org.springframework.web.servlet.mvc.method.annotation.ExceptionHandlerExceptionResolver::getExceptionHandlerMethod (208 bytes)

VM state: not at safepoint (normal execution)

VM Mutex/Monitor currently owned by a thread: None

Heap address: 0x0000000082000000, size: 2016 MB, Compressed Oops mode: 32-bit

CDS archive(s) not mapped
Compressed class space mapped at: 0x0000000100000000-0x0000000140000000, reserved size: 1073741824
Narrow klass base: 0x0000000000000000, Narrow klass shift: 3, Narrow klass range: 0x140000000

GC Precious Log:
 CPUs: 8 total, 8 available
 Memory: 8058M
 Large Page Support: Disabled
 NUMA Support: Disabled
 Compressed Oops: Enabled (32-bit)
 Heap Region Size: 1M
 Heap Min Capacity: 8M
 Heap Initial Capacity: 126M
 Heap Max Capacity: 2016M
 Pre-touch: Disabled
 Parallel Workers: 8
 Concurrent Workers: 2
 Concurrent Refinement Workers: 8
 Periodic GC: Disabled

Heap:
 garbage-first heap   total 181248K, used 130451K [0x0000000082000000, 0x0000000100000000)
  region size 1024K, 98 young (100352K), 1 survivors (1024K)
 Metaspace       used 72249K, committed 72832K, reserved 1114112K
  class space    used 9891K, committed 10176K, reserved 1048576K

Heap Regions: E=young(eden), S=young(survivor), O=old, HS=humongous(starts), HC=humongous(continues), CS=collection set, F=free, OA=open archive, CA=closed archive, TAMS=top-at-mark-start (previous, next)
|   0|0x0000000082000000, 0x0000000082100000, 0x0000000082100000|100%|HS|  |TAMS 0x0000000082100000, 0x0000000082000000| Complete 
|   1|0x0000000082100000, 0x0000000082200000, 0x0000000082200000|100%| O|  |TAMS 0x0000000082200000, 0x0000000082100000| Untracked 
|   2|0x0000000082200000, 0x0000000082300000, 0x0000000082300000|100%| O|  |TAMS 0x0000000082300000, 0x0000000082200000| Untracked 
|   3|0x0000000082300000, 0x0000000082400000, 0x0000000082400000|100%| O|  |TAMS 0x0000000082400000, 0x0000000082300000| Untracked 
|   4|0x0000000082400000, 0x0000000082500000, 0x0000000082500000|100%| O|  |TAMS 0x0000000082500000, 0x0000000082400000| Untracked 
|   5|0x0000000082500000, 0x0000000082600000, 0x0000000082600000|100%| O|  |TAMS 0x0000000082600000, 0x0000000082500000| Untracked 
|   6|0x0000000082600000, 0x0000000082700000, 0x0000000082700000|100%| O|  |TAMS 0x0000000082700000, 0x0000000082600000| Untracked 
|   7|0x0000000082700000, 0x0000000082800000, 0x0000000082800000|100%| O|  |TAMS 0x0000000082800000, 0x0000000082700000| Untracked 
|   8|0x0000000082800000, 0x0000000082900000, 0x0000000082900000|100%| O|  |TAMS 0x0000000082900000, 0x0000000082800000| Untracked 
|   9|0x0000000082900000, 0x0000000082a00000, 0x0000000082a00000|100%| O|  |TAMS 0x0000000082a00000, 0x0000000082900000| Untracked 
|  10|0x0000000082a00000, 0x0000000082a9b200, 0x0000000082b00000| 60%| O|  |TAMS 0x0000000082a00000, 0x0000000082a00000| Untracked 
|  11|0x0000000082b00000, 0x0000000082c00000, 0x0000000082c00000|100%| O|  |TAMS 0x0000000082c00000, 0x0000000082b00000| Untracked 
|  12|0x0000000082c00000, 0x0000000082d00000, 0x0000000082d00000|100%| O|  |TAMS 0x0000000082d00000, 0x0000000082c00000| Untracked 
|  13|0x0000000082d00000, 0x0000000082e00000, 0x0000000082e00000|100%| O|  |TAMS 0x0000000082e00000, 0x0000000082d00000| Untracked 
|  14|0x0000000082e00000, 0x0000000082f00000, 0x0000000082f00000|100%| O|  |TAMS 0x0000000082f00000, 0x0000000082e00000| Untracked 
|  15|0x0000000082f00000, 0x0000000083000000, 0x0000000083000000|100%| O|  |TAMS 0x0000000083000000, 0x0000000082f00000| Untracked 
|  16|0x0000000083000000, 0x0000000083100000, 0x0000000083100000|100%| O|  |TAMS 0x0000000083100000, 0x0000000083000000| Untracked 
|  17|0x0000000083100000, 0x0000000083100000, 0x0000000083200000|  0%| F|  |TAMS 0x0000000083100000, 0x0000000083100000| Untracked 
|  18|0x0000000083200000, 0x0000000083200000, 0x0000000083300000|  0%| F|  |TAMS 0x0000000083200000, 0x0000000083200000| Untracked 
|  19|0x0000000083300000, 0x0000000083300000, 0x0000000083400000|  0%| F|  |TAMS 0x0000000083300000, 0x0000000083300000| Untracked 
|  20|0x0000000083400000, 0x0000000083500000, 0x0000000083500000|100%| O|  |TAMS 0x0000000083500000, 0x0000000083400000| Untracked 
|  21|0x0000000083500000, 0x0000000083600000, 0x0000000083600000|100%| O|  |TAMS 0x0000000083600000, 0x0000000083500000| Untracked 
|  22|0x0000000083600000, 0x0000000083600000, 0x0000000083700000|  0%| F|  |TAMS 0x0000000083600000, 0x0000000083600000| Untracked 
|  23|0x0000000083700000, 0x0000000083700000, 0x0000000083800000|  0%| F|  |TAMS 0x0000000083700000, 0x0000000083700000| Untracked 
|  24|0x0000000083800000, 0x0000000083900000, 0x0000000083900000|100%| O|  |TAMS 0x0000000083900000, 0x0000000083800000| Untracked 
|  25|0x0000000083900000, 0x0000000083900000, 0x0000000083a00000|  0%| F|  |TAMS 0x0000000083900000, 0x0000000083900000| Untracked 
|  26|0x0000000083a00000, 0x0000000083b00000, 0x0000000083b00000|100%| O|  |TAMS 0x0000000083b00000, 0x0000000083a00000| Untracked 
|  27|0x0000000083b00000, 0x0000000083c00000, 0x0000000083c00000|100%| O|  |TAMS 0x0000000083c00000, 0x0000000083b00000| Untracked 
|  28|0x0000000083c00000, 0x0000000083d00000, 0x0000000083d00000|100%| O|  |TAMS 0x0000000083d00000, 0x0000000083c00000| Untracked 
|  29|0x0000000083d00000, 0x0000000083e00000, 0x0000000083e00000|100%| O|  |TAMS 0x0000000083e00000, 0x0000000083d00000| Untracked 
|  30|0x0000000083e00000, 0x0000000083f00000, 0x0000000083f00000|100%| O|  |TAMS 0x0000000083f00000, 0x0000000083e00000| Untracked 
|  31|0x0000000083f00000, 0x0000000084000000, 0x0000000084000000|100%| O|  |TAMS 0x0000000084000000, 0x0000000083f00000| Untracked 
|  32|0x0000000084000000, 0x0000000084100000, 0x0000000084100000|100%| O|  |TAMS 0x0000000084100000, 0x0000000084000000| Untracked 
|  33|0x0000000084100000, 0x0000000084100000, 0x0000000084200000|  0%| F|  |TAMS 0x0000000084100000, 0x0000000084100000| Untracked 
|  34|0x0000000084200000, 0x0000000084300000, 0x0000000084300000|100%| O|  |TAMS 0x0000000084300000, 0x0000000084200000| Untracked 
|  35|0x0000000084300000, 0x0000000084400000, 0x0000000084400000|100%| O|  |TAMS 0x0000000084400000, 0x0000000084300000| Untracked 
|  36|0x0000000084400000, 0x0000000084500000, 0x0000000084500000|100%| O|  |TAMS 0x0000000084500000, 0x0000000084400000| Untracked 
|  37|0x0000000084500000, 0x0000000084600000, 0x0000000084600000|100%| O|  |TAMS 0x0000000084600000, 0x0000000084500000| Untracked 
|  38|0x0000000084600000, 0x0000000084700000, 0x0000000084700000|100%| O|  |TAMS 0x0000000084700000, 0x0000000084600000| Untracked 
|  39|0x0000000084700000, 0x0000000084700000, 0x0000000084800000|  0%| F|  |TAMS 0x0000000084700000, 0x0000000084700000| Untracked 
|  40|0x0000000084800000, 0x0000000084800000, 0x0000000084900000|  0%| F|  |TAMS 0x0000000084800000, 0x0000000084800000| Untracked 
|  41|0x0000000084900000, 0x0000000084900000, 0x0000000084a00000|  0%| F|  |TAMS 0x0000000084900000, 0x0000000084900000| Untracked 
|  42|0x0000000084a00000, 0x0000000084a00000, 0x0000000084b00000|  0%| F|  |TAMS 0x0000000084a00000, 0x0000000084a00000| Untracked 
|  43|0x0000000084b00000, 0x0000000084b00000, 0x0000000084c00000|  0%| F|  |TAMS 0x0000000084b00000, 0x0000000084b00000| Untracked 
|  44|0x0000000084c00000, 0x0000000084c00000, 0x0000000084d00000|  0%| F|  |TAMS 0x0000000084c00000, 0x0000000084c00000| Untracked 
|  45|0x0000000084d00000, 0x0000000084d00000, 0x0000000084e00000|  0%| F|  |TAMS 0x0000000084d00000, 0x0000000084d00000| Untracked 
|  46|0x0000000084e00000, 0x0000000084e00000, 0x0000000084f00000|  0%| F|  |TAMS 0x0000000084e00000, 0x0000000084e00000| Untracked 
|  47|0x0000000084f00000, 0x0000000084f00000, 0x0000000085000000|  0%| F|  |TAMS 0x0000000084f00000, 0x0000000084f00000| Untracked 
|  48|0x0000000085000000, 0x0000000085000000, 0x0000000085100000|  0%| F|  |TAMS 0x0000000085000000, 0x0000000085000000| Untracked 
|  49|0x0000000085100000, 0x0000000085100000, 0x0000000085200000|  0%| F|  |TAMS 0x0000000085100000, 0x0000000085100000| Untracked 
|  50|0x0000000085200000, 0x0000000085200000, 0x0000000085300000|  0%| F|  |TAMS 0x0000000085200000, 0x0000000085200000| Untracked 
|  51|0x0000000085300000, 0x0000000085300000, 0x0000000085400000|  0%| F|  |TAMS 0x0000000085300000, 0x0000000085300000| Untracked 
|  52|0x0000000085400000, 0x0000000085400000, 0x0000000085500000|  0%| F|  |TAMS 0x0000000085400000, 0x0000000085400000| Untracked 
|  53|0x0000000085500000, 0x0000000085500000, 0x0000000085600000|  0%| F|  |TAMS 0x0000000085500000, 0x0000000085500000| Untracked 
|  54|0x0000000085600000, 0x0000000085600000, 0x0000000085700000|  0%| F|  |TAMS 0x0000000085600000, 0x0000000085600000| Untracked 
|  55|0x0000000085700000, 0x0000000085700000, 0x0000000085800000|  0%| F|  |TAMS 0x0000000085700000, 0x0000000085700000| Untracked 
|  56|0x0000000085800000, 0x0000000085800000, 0x0000000085900000|  0%| F|  |TAMS 0x0000000085800000, 0x0000000085800000| Untracked 
|  57|0x0000000085900000, 0x0000000085900000, 0x0000000085a00000|  0%| F|  |TAMS 0x0000000085900000, 0x0000000085900000| Untracked 
|  58|0x0000000085a00000, 0x0000000085a00000, 0x0000000085b00000|  0%| F|  |TAMS 0x0000000085a00000, 0x0000000085a00000| Untracked 
|  59|0x0000000085b00000, 0x0000000085b00000, 0x0000000085c00000|  0%| F|  |TAMS 0x0000000085b00000, 0x0000000085b00000| Untracked 
|  60|0x0000000085c00000, 0x0000000085c00000, 0x0000000085d00000|  0%| F|  |TAMS 0x0000000085c00000, 0x0000000085c00000| Untracked 
|  61|0x0000000085d00000, 0x0000000085d00000, 0x0000000085e00000|  0%| F|  |TAMS 0x0000000085d00000, 0x0000000085d00000| Untracked 
|  62|0x0000000085e00000, 0x0000000085e00000, 0x0000000085f00000|  0%| F|  |TAMS 0x0000000085e00000, 0x0000000085e00000| Untracked 
|  63|0x0000000085f00000, 0x0000000085f00000, 0x0000000086000000|  0%| F|  |TAMS 0x0000000085f00000, 0x0000000085f00000| Untracked 
|  64|0x0000000086000000, 0x0000000086000000, 0x0000000086100000|  0%| F|  |TAMS 0x0000000086000000, 0x0000000086000000| Untracked 
|  65|0x0000000086100000, 0x0000000086100000, 0x0000000086200000|  0%| F|  |TAMS 0x0000000086100000, 0x0000000086100000| Untracked 
|  66|0x0000000086200000, 0x0000000086200000, 0x0000000086300000|  0%| F|  |TAMS 0x0000000086200000, 0x0000000086200000| Untracked 
|  67|0x0000000086300000, 0x0000000086300000, 0x0000000086400000|  0%| F|  |TAMS 0x0000000086300000, 0x0000000086300000| Untracked 
|  68|0x0000000086400000, 0x0000000086400000, 0x0000000086500000|  0%| F|  |TAMS 0x0000000086400000, 0x0000000086400000| Untracked 
|  69|0x0000000086500000, 0x0000000086500000, 0x0000000086600000|  0%| F|  |TAMS 0x0000000086500000, 0x0000000086500000| Untracked 
|  70|0x0000000086600000, 0x0000000086600000, 0x0000000086700000|  0%| F|  |TAMS 0x0000000086600000, 0x0000000086600000| Untracked 
|  71|0x0000000086700000, 0x00000000867c9a60, 0x0000000086800000| 78%| S|CS|TAMS 0x0000000086700000, 0x0000000086700000| Complete 
|  72|0x0000000086800000, 0x0000000086800000, 0x0000000086900000|  0%| F|  |TAMS 0x0000000086800000, 0x0000000086800000| Untracked 
|  73|0x0000000086900000, 0x0000000086900000, 0x0000000086a00000|  0%| F|  |TAMS 0x0000000086900000, 0x0000000086900000| Untracked 
|  74|0x0000000086a00000, 0x0000000086a00000, 0x0000000086b00000|  0%| F|  |TAMS 0x0000000086a00000, 0x0000000086a00000| Untracked 
|  75|0x0000000086b00000, 0x0000000086b00000, 0x0000000086c00000|  0%| F|  |TAMS 0x0000000086b00000, 0x0000000086b00000| Untracked 
|  76|0x0000000086c00000, 0x0000000086c00000, 0x0000000086d00000|  0%| F|  |TAMS 0x0000000086c00000, 0x0000000086c00000| Untracked 
|  77|0x0000000086d00000, 0x0000000086d00000, 0x0000000086e00000|  0%| F|  |TAMS 0x0000000086d00000, 0x0000000086d00000| Untracked 
|  78|0x0000000086e00000, 0x0000000086e00000, 0x0000000086f00000|  0%| F|  |TAMS 0x0000000086e00000, 0x0000000086e00000| Untracked 
|  79|0x0000000086f00000, 0x0000000086f9ace8, 0x0000000087000000| 60%| E|  |TAMS 0x0000000086f00000, 0x0000000086f00000| Complete 
|  80|0x0000000087000000, 0x00000000870f6a18, 0x0000000087100000| 96%| E|  |TAMS 0x0000000087000000, 0x0000000087000000| Complete 
|  81|0x0000000087100000, 0x0000000087200000, 0x0000000087200000|100%| E|CS|TAMS 0x0000000087100000, 0x0000000087100000| Complete 
|  82|0x0000000087200000, 0x0000000087300000, 0x0000000087300000|100%| E|CS|TAMS 0x0000000087200000, 0x0000000087200000| Complete 
|  83|0x0000000087300000, 0x0000000087400000, 0x0000000087400000|100%| E|CS|TAMS 0x0000000087300000, 0x0000000087300000| Complete 
|  84|0x0000000087400000, 0x0000000087500000, 0x0000000087500000|100%| E|CS|TAMS 0x0000000087400000, 0x0000000087400000| Complete 
|  85|0x0000000087500000, 0x0000000087600000, 0x0000000087600000|100%| E|CS|TAMS 0x0000000087500000, 0x0000000087500000| Complete 
|  86|0x0000000087600000, 0x0000000087700000, 0x0000000087700000|100%| E|CS|TAMS 0x0000000087600000, 0x0000000087600000| Complete 
|  87|0x0000000087700000, 0x0000000087800000, 0x0000000087800000|100%| E|CS|TAMS 0x0000000087700000, 0x0000000087700000| Complete 
|  88|0x0000000087800000, 0x0000000087900000, 0x0000000087900000|100%| E|CS|TAMS 0x0000000087800000, 0x0000000087800000| Complete 
|  89|0x0000000087900000, 0x0000000087a00000, 0x0000000087a00000|100%| E|CS|TAMS 0x0000000087900000, 0x0000000087900000| Complete 
|  90|0x0000000087a00000, 0x0000000087b00000, 0x0000000087b00000|100%| E|CS|TAMS 0x0000000087a00000, 0x0000000087a00000| Complete 
|  91|0x0000000087b00000, 0x0000000087c00000, 0x0000000087c00000|100%| E|CS|TAMS 0x0000000087b00000, 0x0000000087b00000| Complete 
|  92|0x0000000087c00000, 0x0000000087d00000, 0x0000000087d00000|100%| E|CS|TAMS 0x0000000087c00000, 0x0000000087c00000| Complete 
|  93|0x0000000087d00000, 0x0000000087e00000, 0x0000000087e00000|100%| E|CS|TAMS 0x0000000087d00000, 0x0000000087d00000| Complete 
|  94|0x0000000087e00000, 0x0000000087f00000, 0x0000000087f00000|100%| E|CS|TAMS 0x0000000087e00000, 0x0000000087e00000| Complete 
|  95|0x0000000087f00000, 0x0000000088000000, 0x0000000088000000|100%| E|CS|TAMS 0x0000000087f00000, 0x0000000087f00000| Complete 
|  96|0x0000000088000000, 0x0000000088100000, 0x0000000088100000|100%| E|CS|TAMS 0x0000000088000000, 0x0000000088000000| Complete 
|  97|0x0000000088100000, 0x0000000088200000, 0x0000000088200000|100%| E|CS|TAMS 0x0000000088100000, 0x0000000088100000| Complete 
|  98|0x0000000088200000, 0x0000000088300000, 0x0000000088300000|100%| E|CS|TAMS 0x0000000088200000, 0x0000000088200000| Complete 
|  99|0x0000000088300000, 0x0000000088400000, 0x0000000088400000|100%| E|CS|TAMS 0x0000000088300000, 0x0000000088300000| Complete 
| 100|0x0000000088400000, 0x0000000088500000, 0x0000000088500000|100%| E|CS|TAMS 0x0000000088400000, 0x0000000088400000| Complete 
| 101|0x0000000088500000, 0x0000000088600000, 0x0000000088600000|100%| E|CS|TAMS 0x0000000088500000, 0x0000000088500000| Complete 
| 102|0x0000000088600000, 0x0000000088700000, 0x0000000088700000|100%| E|CS|TAMS 0x0000000088600000, 0x0000000088600000| Complete 
| 103|0x0000000088700000, 0x0000000088800000, 0x0000000088800000|100%| E|CS|TAMS 0x0000000088700000, 0x0000000088700000| Complete 
| 104|0x0000000088800000, 0x0000000088900000, 0x0000000088900000|100%| E|CS|TAMS 0x0000000088800000, 0x0000000088800000| Complete 
| 105|0x0000000088900000, 0x0000000088a00000, 0x0000000088a00000|100%| E|CS|TAMS 0x0000000088900000, 0x0000000088900000| Complete 
| 106|0x0000000088a00000, 0x0000000088b00000, 0x0000000088b00000|100%| E|CS|TAMS 0x0000000088a00000, 0x0000000088a00000| Complete 
| 107|0x0000000088b00000, 0x0000000088c00000, 0x0000000088c00000|100%| E|CS|TAMS 0x0000000088b00000, 0x0000000088b00000| Complete 
| 108|0x0000000088c00000, 0x0000000088d00000, 0x0000000088d00000|100%| E|CS|TAMS 0x0000000088c00000, 0x0000000088c00000| Complete 
| 109|0x0000000088d00000, 0x0000000088e00000, 0x0000000088e00000|100%| E|CS|TAMS 0x0000000088d00000, 0x0000000088d00000| Complete 
| 110|0x0000000088e00000, 0x0000000088f00000, 0x0000000088f00000|100%| E|CS|TAMS 0x0000000088e00000, 0x0000000088e00000| Complete 
| 111|0x0000000088f00000, 0x0000000089000000, 0x0000000089000000|100%| E|CS|TAMS 0x0000000088f00000, 0x0000000088f00000| Complete 
| 112|0x0000000089000000, 0x0000000089100000, 0x0000000089100000|100%| E|CS|TAMS 0x0000000089000000, 0x0000000089000000| Complete 
| 113|0x0000000089100000, 0x0000000089200000, 0x0000000089200000|100%| E|CS|TAMS 0x0000000089100000, 0x0000000089100000| Complete 
| 114|0x0000000089200000, 0x0000000089300000, 0x0000000089300000|100%| E|CS|TAMS 0x0000000089200000, 0x0000000089200000| Complete 
| 115|0x0000000089300000, 0x0000000089400000, 0x0000000089400000|100%| E|CS|TAMS 0x0000000089300000, 0x0000000089300000| Complete 
| 116|0x0000000089400000, 0x0000000089500000, 0x0000000089500000|100%| E|CS|TAMS 0x0000000089400000, 0x0000000089400000| Complete 
| 117|0x0000000089500000, 0x0000000089600000, 0x0000000089600000|100%| E|CS|TAMS 0x0000000089500000, 0x0000000089500000| Complete 
| 118|0x0000000089600000, 0x0000000089700000, 0x0000000089700000|100%| E|CS|TAMS 0x0000000089600000, 0x0000000089600000| Complete 
| 119|0x0000000089700000, 0x0000000089800000, 0x0000000089800000|100%| E|CS|TAMS 0x0000000089700000, 0x0000000089700000| Complete 
| 120|0x0000000089800000, 0x0000000089900000, 0x0000000089900000|100%| E|CS|TAMS 0x0000000089800000, 0x0000000089800000| Complete 
| 121|0x0000000089900000, 0x0000000089a00000, 0x0000000089a00000|100%| E|CS|TAMS 0x0000000089900000, 0x0000000089900000| Complete 
| 122|0x0000000089a00000, 0x0000000089b00000, 0x0000000089b00000|100%| E|CS|TAMS 0x0000000089a00000, 0x0000000089a00000| Complete 
| 123|0x0000000089b00000, 0x0000000089c00000, 0x0000000089c00000|100%| E|CS|TAMS 0x0000000089b00000, 0x0000000089b00000| Complete 
| 124|0x0000000089c00000, 0x0000000089d00000, 0x0000000089d00000|100%| E|CS|TAMS 0x0000000089c00000, 0x0000000089c00000| Complete 
| 125|0x0000000089d00000, 0x0000000089e00000, 0x0000000089e00000|100%| E|CS|TAMS 0x0000000089d00000, 0x0000000089d00000| Complete 
| 126|0x0000000089e00000, 0x0000000089f00000, 0x0000000089f00000|100%| E|CS|TAMS 0x0000000089e00000, 0x0000000089e00000| Complete 
| 127|0x0000000089f00000, 0x000000008a000000, 0x000000008a000000|100%| E|CS|TAMS 0x0000000089f00000, 0x0000000089f00000| Complete 
| 128|0x000000008a000000, 0x000000008a100000, 0x000000008a100000|100%| E|CS|TAMS 0x000000008a000000, 0x000000008a000000| Complete 
| 129|0x000000008a100000, 0x000000008a200000, 0x000000008a200000|100%| E|CS|TAMS 0x000000008a100000, 0x000000008a100000| Complete 
| 130|0x000000008a200000, 0x000000008a300000, 0x000000008a300000|100%| E|CS|TAMS 0x000000008a200000, 0x000000008a200000| Complete 
| 131|0x000000008a300000, 0x000000008a400000, 0x000000008a400000|100%| E|CS|TAMS 0x000000008a300000, 0x000000008a300000| Complete 
| 132|0x000000008a400000, 0x000000008a500000, 0x000000008a500000|100%| E|CS|TAMS 0x000000008a400000, 0x000000008a400000| Complete 
| 133|0x000000008a500000, 0x000000008a600000, 0x000000008a600000|100%| E|CS|TAMS 0x000000008a500000, 0x000000008a500000| Complete 
| 134|0x000000008a600000, 0x000000008a700000, 0x000000008a700000|100%| E|CS|TAMS 0x000000008a600000, 0x000000008a600000| Complete 
| 135|0x000000008a700000, 0x000000008a800000, 0x000000008a800000|100%| E|CS|TAMS 0x000000008a700000, 0x000000008a700000| Complete 
| 136|0x000000008a800000, 0x000000008a900000, 0x000000008a900000|100%| E|CS|TAMS 0x000000008a800000, 0x000000008a800000| Complete 
| 137|0x000000008a900000, 0x000000008aa00000, 0x000000008aa00000|100%| E|CS|TAMS 0x000000008a900000, 0x000000008a900000| Complete 
| 138|0x000000008aa00000, 0x000000008ab00000, 0x000000008ab00000|100%| E|CS|TAMS 0x000000008aa00000, 0x000000008aa00000| Complete 
| 139|0x000000008ab00000, 0x000000008ac00000, 0x000000008ac00000|100%| E|CS|TAMS 0x000000008ab00000, 0x000000008ab00000| Complete 
| 140|0x000000008ac00000, 0x000000008ad00000, 0x000000008ad00000|100%| E|CS|TAMS 0x000000008ac00000, 0x000000008ac00000| Complete 
| 141|0x000000008ad00000, 0x000000008ae00000, 0x000000008ae00000|100%| E|CS|TAMS 0x000000008ad00000, 0x000000008ad00000| Complete 
| 142|0x000000008ae00000, 0x000000008af00000, 0x000000008af00000|100%| E|CS|TAMS 0x000000008ae00000, 0x000000008ae00000| Complete 
| 143|0x000000008af00000, 0x000000008b000000, 0x000000008b000000|100%| E|CS|TAMS 0x000000008af00000, 0x000000008af00000| Complete 
| 144|0x000000008b000000, 0x000000008b100000, 0x000000008b100000|100%| E|CS|TAMS 0x000000008b000000, 0x000000008b000000| Complete 
| 145|0x000000008b100000, 0x000000008b200000, 0x000000008b200000|100%| E|CS|TAMS 0x000000008b100000, 0x000000008b100000| Complete 
| 146|0x000000008b200000, 0x000000008b300000, 0x000000008b300000|100%| E|CS|TAMS 0x000000008b200000, 0x000000008b200000| Complete 
| 147|0x000000008b300000, 0x000000008b400000, 0x000000008b400000|100%| E|CS|TAMS 0x000000008b300000, 0x000000008b300000| Complete 
| 148|0x000000008b400000, 0x000000008b500000, 0x000000008b500000|100%| E|CS|TAMS 0x000000008b400000, 0x000000008b400000| Complete 
| 149|0x000000008b500000, 0x000000008b600000, 0x000000008b600000|100%| E|CS|TAMS 0x000000008b500000, 0x000000008b500000| Complete 
| 150|0x000000008b600000, 0x000000008b700000, 0x000000008b700000|100%| E|CS|TAMS 0x000000008b600000, 0x000000008b600000| Complete 
| 151|0x000000008b700000, 0x000000008b800000, 0x000000008b800000|100%| E|CS|TAMS 0x000000008b700000, 0x000000008b700000| Complete 
| 152|0x000000008b800000, 0x000000008b900000, 0x000000008b900000|100%| E|CS|TAMS 0x000000008b800000, 0x000000008b800000| Complete 
| 153|0x000000008b900000, 0x000000008ba00000, 0x000000008ba00000|100%| E|CS|TAMS 0x000000008b900000, 0x000000008b900000| Complete 
| 154|0x000000008ba00000, 0x000000008bb00000, 0x000000008bb00000|100%| E|CS|TAMS 0x000000008ba00000, 0x000000008ba00000| Complete 
| 155|0x000000008bb00000, 0x000000008bc00000, 0x000000008bc00000|100%| E|CS|TAMS 0x000000008bb00000, 0x000000008bb00000| Complete 
| 156|0x000000008bc00000, 0x000000008bd00000, 0x000000008bd00000|100%| E|CS|TAMS 0x000000008bc00000, 0x000000008bc00000| Complete 
| 157|0x000000008bd00000, 0x000000008be00000, 0x000000008be00000|100%| E|CS|TAMS 0x000000008bd00000, 0x000000008bd00000| Complete 
| 158|0x000000008be00000, 0x000000008bf00000, 0x000000008bf00000|100%| E|CS|TAMS 0x000000008be00000, 0x000000008be00000| Complete 
| 159|0x000000008bf00000, 0x000000008c000000, 0x000000008c000000|100%| E|CS|TAMS 0x000000008bf00000, 0x000000008bf00000| Complete 
| 160|0x000000008c000000, 0x000000008c100000, 0x000000008c100000|100%| E|CS|TAMS 0x000000008c000000, 0x000000008c000000| Complete 
| 161|0x000000008c100000, 0x000000008c200000, 0x000000008c200000|100%| E|CS|TAMS 0x000000008c100000, 0x000000008c100000| Complete 
| 162|0x000000008c200000, 0x000000008c300000, 0x000000008c300000|100%| E|CS|TAMS 0x000000008c200000, 0x000000008c200000| Complete 
| 163|0x000000008c300000, 0x000000008c400000, 0x000000008c400000|100%| E|CS|TAMS 0x000000008c300000, 0x000000008c300000| Complete 
| 164|0x000000008c400000, 0x000000008c500000, 0x000000008c500000|100%| E|CS|TAMS 0x000000008c400000, 0x000000008c400000| Complete 
| 165|0x000000008c500000, 0x000000008c600000, 0x000000008c600000|100%| E|CS|TAMS 0x000000008c500000, 0x000000008c500000| Complete 
| 169|0x000000008c900000, 0x000000008ca00000, 0x000000008ca00000|100%| E|CS|TAMS 0x000000008c900000, 0x000000008c900000| Complete 
| 170|0x000000008ca00000, 0x000000008cb00000, 0x000000008cb00000|100%| E|CS|TAMS 0x000000008ca00000, 0x000000008ca00000| Complete 
| 171|0x000000008cb00000, 0x000000008cc00000, 0x000000008cc00000|100%| E|CS|TAMS 0x000000008cb00000, 0x000000008cb00000| Complete 
| 217|0x000000008f900000, 0x000000008fa00000, 0x000000008fa00000|100%| E|CS|TAMS 0x000000008f900000, 0x000000008f900000| Complete 
| 218|0x000000008fa00000, 0x000000008fb00000, 0x000000008fb00000|100%| E|CS|TAMS 0x000000008fa00000, 0x000000008fa00000| Complete 
| 219|0x000000008fb00000, 0x000000008fc00000, 0x000000008fc00000|100%| E|CS|TAMS 0x000000008fb00000, 0x000000008fb00000| Complete 
| 220|0x000000008fc00000, 0x000000008fd00000, 0x000000008fd00000|100%| E|CS|TAMS 0x000000008fc00000, 0x000000008fc00000| Complete 
| 221|0x000000008fd00000, 0x000000008fe00000, 0x000000008fe00000|100%| E|CS|TAMS 0x000000008fd00000, 0x000000008fd00000| Complete 
| 222|0x000000008fe00000, 0x000000008ff00000, 0x000000008ff00000|100%| E|CS|TAMS 0x000000008fe00000, 0x000000008fe00000| Complete 
| 223|0x000000008ff00000, 0x0000000090000000, 0x0000000090000000|100%| E|CS|TAMS 0x000000008ff00000, 0x000000008ff00000| Complete 
| 224|0x0000000090000000, 0x0000000090100000, 0x0000000090100000|100%| E|CS|TAMS 0x0000000090000000, 0x0000000090000000| Complete 

Card table byte_map: [0x0000026af1e50000,0x0000026af2240000] _byte_map_base: 0x0000026af1a40000

Marking Bits (Prev, Next): (CMBitMap*) 0x0000026aeb304160, (CMBitMap*) 0x0000026aeb3041a0
 Prev Bits: [0x0000026af2630000, 0x0000026af45b0000)
 Next Bits: [0x0000026af45b0000, 0x0000026af6530000)

Polling page: 0x0000026ae9230000

Metaspace:

Usage:
  Non-class:     60.90 MB used.
      Class:      9.66 MB used.
       Both:     70.56 MB used.

Virtual space:
  Non-class space:       64.00 MB reserved,      61.19 MB ( 96%) committed,  8 nodes.
      Class space:        1.00 GB reserved,       9.94 MB ( <1%) committed,  1 nodes.
             Both:        1.06 GB reserved,      71.12 MB (  7%) committed. 

Chunk freelists:
   Non-Class:  2.73 MB
       Class:  2.00 MB
        Both:  4.73 MB

MaxMetaspaceSize: unlimited
CompressedClassSpaceSize: 1.00 GB
Initial GC threshold: 21.00 MB
Current GC threshold: 118.44 MB
CDS: off
MetaspaceReclaimPolicy: balanced
 - commit_granule_bytes: 65536.
 - commit_granule_words: 8192.
 - virtual_space_node_default_size: 1048576.
 - enlarge_chunks_in_place: 1.
 - new_chunks_are_fully_committed: 0.
 - uncommit_free_chunks: 1.
 - use_allocation_guard: 0.
 - handle_deallocations: 1.


Internal statistics:

num_allocs_failed_limit: 9.
num_arena_births: 832.
num_arena_deaths: 186.
num_vsnodes_births: 9.
num_vsnodes_deaths: 0.
num_space_committed: 1138.
num_space_uncommitted: 0.
num_chunks_returned_to_freelist: 246.
num_chunks_taken_from_freelist: 3355.
num_chunk_merges: 71.
num_chunk_splits: 2227.
num_chunks_enlarged: 1632.
num_purges: 10.
num_inconsistent_stats: 0.

CodeCache: size=49152Kb used=20085Kb max_used=20085Kb free=29066Kb
 bounds [0x0000026aee950000, 0x0000026aefd90000, 0x0000026af1950000]
 total_blobs=11234 nmethods=10584 adapters=573
 compilation: enabled
              stopped_count=0, restarted_count=0
 full_count=0

Compilation events (20 events):
Event: 1360.411 Thread 0x0000026afeef17c0 nmethod 10567 0x0000026aef7bd110 code [0x0000026aef7bd380, 0x0000026aef7bdbb8]
Event: 1360.415 Thread 0x0000026afeef4340 nmethod 10563 0x0000026aef7baf10 code [0x0000026aef7bb2e0, 0x0000026aef7bc3a8]
Event: 1360.604 Thread 0x0000026afeef17c0 10571       1       java.lang.Class::getDeclaredAnnotation (22 bytes)
Event: 1360.605 Thread 0x0000026afeef17c0 nmethod 10571 0x0000026aef7baa10 code [0x0000026aef7babc0, 0x0000026aef7bada8]
Event: 1360.635 Thread 0x0000026af984a190 10572       1       org.springframework.web.servlet.DispatcherServlet::processHandlerException (233 bytes)
Event: 1360.635 Thread 0x0000026afeef4340 10573       1       org.springframework.boot.web.servlet.error.DefaultErrorAttributes::resolveException (9 bytes)
Event: 1360.635 Thread 0x0000026afeef17c0 10574       1       org.springframework.boot.web.servlet.error.DefaultErrorAttributes::storeErrorAttributes (11 bytes)
Event: 1360.635 Thread 0x0000026aff3a49c0 10575       1       org.springframework.web.servlet.handler.HandlerExceptionResolverComposite::resolveException (67 bytes)
Event: 1360.635 Thread 0x0000026afeef4340 nmethod 10573 0x0000026aef7ba690 code [0x0000026aef7ba820, 0x0000026aef7ba928]
Event: 1360.635 Thread 0x0000026afeef17c0 nmethod 10574 0x0000026aef7ba390 code [0x0000026aef7ba520, 0x0000026aef7ba608]
Event: 1360.635 Thread 0x0000026afeef4340 10576       1       org.springframework.web.servlet.handler.AbstractHandlerMethodExceptionResolver::shouldApplyTo (58 bytes)
Event: 1360.636 Thread 0x0000026afeef17c0 10577       1       org.springframework.web.servlet.handler.AbstractHandlerMethodExceptionResolver::doResolveException (28 bytes)
Event: 1360.636 Thread 0x0000026aff3a49c0 nmethod 10575 0x0000026aef7b9e10 code [0x0000026aef7b9fe0, 0x0000026aef7ba218]
Event: 1360.636 Thread 0x0000026aff3a49c0 10578   !   1       org.springframework.web.servlet.mvc.method.annotation.ExceptionHandlerExceptionResolver::doResolveHandlerMethodException (371 bytes)
Event: 1360.636 Thread 0x0000026afeef17c0 nmethod 10577 0x0000026aef7b9a10 code [0x0000026aef7b9ba0, 0x0000026aef7b9d08]
Event: 1360.636 Thread 0x0000026afeef17c0 10579       1       org.springframework.web.servlet.mvc.method.annotation.ExceptionHandlerExceptionResolver::getExceptionHandlerMethod (208 bytes)
Event: 1360.637 Thread 0x0000026afeef4340 nmethod 10576 0x0000026aef7b9410 code [0x0000026aef7b95e0, 0x0000026aef7b98b8]
Event: 1360.637 Thread 0x0000026afeef4340 10580       1       org.springframework.web.method.annotation.ExceptionHandlerMethodResolver::resolveMethod (6 bytes)
Event: 1360.637 Thread 0x0000026afeef4340 nmethod 10580 0x0000026aef7b8e90 code [0x0000026aef7b9060, 0x0000026aef7b92a8]
Event: 1360.637 Thread 0x0000026afeef4340 10581   !   1       org.springframework.web.servlet.mvc.support.DefaultHandlerExceptionResolver::doResolveException (376 bytes)

GC Heap History (20 events):
Event: 1355.351 GC heap before
{Heap before GC invocations=147 (full 0):
 garbage-first heap   total 181248K, used 139150K [0x0000000082000000, 0x0000000100000000)
  region size 1024K, 106 young (108544K), 1 survivors (1024K)
 Metaspace       used 72249K, committed 72832K, reserved 1114112K
  class space    used 9891K, committed 10176K, reserved 1048576K
}
Event: 1355.352 GC heap after
{Heap after GC invocations=148 (full 0):
 garbage-first heap   total 181248K, used 33605K [0x0000000082000000, 0x0000000100000000)
  region size 1024K, 2 young (2048K), 2 survivors (2048K)
 Metaspace       used 72249K, committed 72832K, reserved 1114112K
  class space    used 9891K, committed 10176K, reserved 1048576K
}
Event: 1355.733 GC heap before
{Heap before GC invocations=148 (full 0):
 garbage-first heap   total 181248K, used 139077K [0x0000000082000000, 0x0000000100000000)
  region size 1024K, 106 young (108544K), 2 survivors (2048K)
 Metaspace       used 72249K, committed 72832K, reserved 1114112K
  class space    used 9891K, committed 10176K, reserved 1048576K
}
Event: 1355.734 GC heap after
{Heap after GC invocations=149 (full 0):
 garbage-first heap   total 181248K, used 33111K [0x0000000082000000, 0x0000000100000000)
  region size 1024K, 1 young (1024K), 1 survivors (1024K)
 Metaspace       used 72249K, committed 72832K, reserved 1114112K
  class space    used 9891K, committed 10176K, reserved 1048576K
}
Event: 1356.165 GC heap before
{Heap before GC invocations=149 (full 0):
 garbage-first heap   total 181248K, used 139607K [0x0000000082000000, 0x0000000100000000)
  region size 1024K, 106 young (108544K), 1 survivors (1024K)
 Metaspace       used 72249K, committed 72832K, reserved 1114112K
  class space    used 9891K, committed 10176K, reserved 1048576K
}
Event: 1356.166 GC heap after
{Heap after GC invocations=150 (full 0):
 garbage-first heap   total 181248K, used 33147K [0x0000000082000000, 0x0000000100000000)
  region size 1024K, 1 young (1024K), 1 survivors (1024K)
 Metaspace       used 72249K, committed 72832K, reserved 1114112K
  class space    used 9891K, committed 10176K, reserved 1048576K
}
Event: 1356.555 GC heap before
{Heap before GC invocations=150 (full 0):
 garbage-first heap   total 181248K, used 139643K [0x0000000082000000, 0x0000000100000000)
  region size 1024K, 106 young (108544K), 1 survivors (1024K)
 Metaspace       used 72249K, committed 72832K, reserved 1114112K
  class space    used 9891K, committed 10176K, reserved 1048576K
}
Event: 1356.556 GC heap after
{Heap after GC invocations=151 (full 0):
 garbage-first heap   total 181248K, used 33216K [0x0000000082000000, 0x0000000100000000)
  region size 1024K, 1 young (1024K), 1 survivors (1024K)
 Metaspace       used 72249K, committed 72832K, reserved 1114112K
  class space    used 9891K, committed 10176K, reserved 1048576K
}
Event: 1356.952 GC heap before
{Heap before GC invocations=151 (full 0):
 garbage-first heap   total 181248K, used 139712K [0x0000000082000000, 0x0000000100000000)
  region size 1024K, 106 young (108544K), 1 survivors (1024K)
 Metaspace       used 72249K, committed 72832K, reserved 1114112K
  class space    used 9891K, committed 10176K, reserved 1048576K
}
Event: 1356.954 GC heap after
{Heap after GC invocations=152 (full 0):
 garbage-first heap   total 181248K, used 33154K [0x0000000082000000, 0x0000000100000000)
  region size 1024K, 1 young (1024K), 1 survivors (1024K)
 Metaspace       used 72249K, committed 72832K, reserved 1114112K
  class space    used 9891K, committed 10176K, reserved 1048576K
}
Event: 1357.349 GC heap before
{Heap before GC invocations=152 (full 0):
 garbage-first heap   total 181248K, used 139650K [0x0000000082000000, 0x0000000100000000)
  region size 1024K, 106 young (108544K), 1 survivors (1024K)
 Metaspace       used 72249K, committed 72832K, reserved 1114112K
  class space    used 9891K, committed 10176K, reserved 1048576K
}
Event: 1357.351 GC heap after
{Heap after GC invocations=153 (full 0):
 garbage-first heap   total 181248K, used 33221K [0x0000000082000000, 0x0000000100000000)
  region size 1024K, 1 young (1024K), 1 survivors (1024K)
 Metaspace       used 72249K, committed 72832K, reserved 1114112K
  class space    used 9891K, committed 10176K, reserved 1048576K
}
Event: 1357.741 GC heap before
{Heap before GC invocations=153 (full 0):
 garbage-first heap   total 181248K, used 139717K [0x0000000082000000, 0x0000000100000000)
  region size 1024K, 106 young (108544K), 1 survivors (1024K)
 Metaspace       used 72249K, committed 72832K, reserved 1114112K
  class space    used 9891K, committed 10176K, reserved 1048576K
}
Event: 1357.742 GC heap after
{Heap after GC invocations=154 (full 0):
 garbage-first heap   total 181248K, used 32906K [0x0000000082000000, 0x0000000100000000)
  region size 1024K, 1 young (1024K), 1 survivors (1024K)
 Metaspace       used 72249K, committed 72832K, reserved 1114112K
  class space    used 9891K, committed 10176K, reserved 1048576K
}
Event: 1358.372 GC heap before
{Heap before GC invocations=154 (full 0):
 garbage-first heap   total 181248K, used 139402K [0x0000000082000000, 0x0000000100000000)
  region size 1024K, 106 young (108544K), 1 survivors (1024K)
 Metaspace       used 72249K, committed 72832K, reserved 1114112K
  class space    used 9891K, committed 10176K, reserved 1048576K
}
Event: 1358.374 GC heap after
{Heap after GC invocations=155 (full 0):
 garbage-first heap   total 181248K, used 33145K [0x0000000082000000, 0x0000000100000000)
  region size 1024K, 1 young (1024K), 1 survivors (1024K)
 Metaspace       used 72249K, committed 72832K, reserved 1114112K
  class space    used 9891K, committed 10176K, reserved 1048576K
}
Event: 1359.128 GC heap before
{Heap before GC invocations=155 (full 0):
 garbage-first heap   total 181248K, used 139641K [0x0000000082000000, 0x0000000100000000)
  region size 1024K, 106 young (108544K), 1 survivors (1024K)
 Metaspace       used 72249K, committed 72832K, reserved 1114112K
  class space    used 9891K, committed 10176K, reserved 1048576K
}
Event: 1359.130 GC heap after
{Heap after GC invocations=156 (full 0):
 garbage-first heap   total 181248K, used 32920K [0x0000000082000000, 0x0000000100000000)
  region size 1024K, 1 young (1024K), 1 survivors (1024K)
 Metaspace       used 72249K, committed 72832K, reserved 1114112K
  class space    used 9891K, committed 10176K, reserved 1048576K
}
Event: 1359.867 GC heap before
{Heap before GC invocations=156 (full 0):
 garbage-first heap   total 181248K, used 139416K [0x0000000082000000, 0x0000000100000000)
  region size 1024K, 106 young (108544K), 1 survivors (1024K)
 Metaspace       used 72249K, committed 72832K, reserved 1114112K
  class space    used 9891K, committed 10176K, reserved 1048576K
}
Event: 1359.869 GC heap after
{Heap after GC invocations=157 (full 0):
 garbage-first heap   total 181248K, used 33171K [0x0000000082000000, 0x0000000100000000)
  region size 1024K, 1 young (1024K), 1 survivors (1024K)
 Metaspace       used 72249K, committed 72832K, reserved 1114112K
  class space    used 9891K, committed 10176K, reserved 1048576K
}

Dll operation events (9 events):
Event: 0.047 Loaded shared library C:\Users\lenovo\Downloads\sts-4.17.2.RELEASE\plugins\org.eclipse.justj.openjdk.hotspot.jre.full.win32.x86_64_17.0.6.v20230125-1136\jre\bin\java.dll
Event: 1.275 Loaded shared library C:\Users\lenovo\Downloads\sts-4.17.2.RELEASE\plugins\org.eclipse.justj.openjdk.hotspot.jre.full.win32.x86_64_17.0.6.v20230125-1136\jre\bin\jimage.dll
Event: 1.329 Loaded shared library C:\Users\lenovo\Downloads\sts-4.17.2.RELEASE\plugins\org.eclipse.justj.openjdk.hotspot.jre.full.win32.x86_64_17.0.6.v20230125-1136\jre\bin\net.dll
Event: 1.334 Loaded shared library C:\Users\lenovo\Downloads\sts-4.17.2.RELEASE\plugins\org.eclipse.justj.openjdk.hotspot.jre.full.win32.x86_64_17.0.6.v20230125-1136\jre\bin\nio.dll
Event: 1.348 Loaded shared library C:\Users\lenovo\Downloads\sts-4.17.2.RELEASE\plugins\org.eclipse.justj.openjdk.hotspot.jre.full.win32.x86_64_17.0.6.v20230125-1136\jre\bin\zip.dll
Event: 1.508 Loaded shared library C:\Users\lenovo\Downloads\sts-4.17.2.RELEASE\plugins\org.eclipse.justj.openjdk.hotspot.jre.full.win32.x86_64_17.0.6.v20230125-1136\jre\bin\management.dll
Event: 1.550 Loaded shared library C:\Users\lenovo\Downloads\sts-4.17.2.RELEASE\plugins\org.eclipse.justj.openjdk.hotspot.jre.full.win32.x86_64_17.0.6.v20230125-1136\jre\bin\management_ext.dll
Event: 2.685 Loaded shared library C:\Users\lenovo\Downloads\sts-4.17.2.RELEASE\plugins\org.eclipse.justj.openjdk.hotspot.jre.full.win32.x86_64_17.0.6.v20230125-1136\jre\bin\verify.dll
Event: 7.110 Loaded shared library C:\Users\lenovo\Downloads\sts-4.17.2.RELEASE\plugins\org.eclipse.justj.openjdk.hotspot.jre.full.win32.x86_64_17.0.6.v20230125-1136\jre\bin\sunmscapi.dll

Deoptimization events (12 events):
Event: 4.291 Thread 0x0000026aeb2a7560 DEOPT PACKING pc=0x0000026aeeef3a99 sp=0x0000009054ffd750
Event: 4.291 Thread 0x0000026aeb2a7560 DEOPT UNPACKING pc=0x0000026aee9a7143 sp=0x0000009054ffcc30 mode 3
Event: 5.824 Thread 0x0000026aeb2a7560 DEOPT PACKING pc=0x0000026aeef36814 sp=0x0000009054ffdc40
Event: 5.824 Thread 0x0000026aeb2a7560 DEOPT UNPACKING pc=0x0000026aee9a7143 sp=0x0000009054ffd198 mode 0
Event: 8.140 Thread 0x0000026aeb2a7560 DEOPT PACKING pc=0x0000026aef1b187d sp=0x0000009054ff56e0
Event: 8.140 Thread 0x0000026aeb2a7560 DEOPT UNPACKING pc=0x0000026aee9a7143 sp=0x0000009054ff4c48 mode 3
Event: 10.379 Thread 0x0000026aeb2a7560 DEOPT PACKING pc=0x0000026aeeee5cd2 sp=0x0000009054ffad20
Event: 10.379 Thread 0x0000026aeb2a7560 DEOPT UNPACKING pc=0x0000026aee9a7143 sp=0x0000009054ffa228 mode 3
Event: 11.253 Thread 0x0000026aeb2a7560 DEOPT PACKING pc=0x0000026aef202099 sp=0x0000009054ffb610
Event: 11.253 Thread 0x0000026aeb2a7560 DEOPT UNPACKING pc=0x0000026aee9a7143 sp=0x0000009054ffaaf0 mode 3
Event: 68.867 Thread 0x0000026afe93e530 DEOPT PACKING pc=0x0000026aeed4effb sp=0x00000090583fb4f0
Event: 68.867 Thread 0x0000026afe93e530 DEOPT UNPACKING pc=0x0000026aee9a7143 sp=0x00000090583faa18 mode 3

Classes unloaded (20 events):
Event: 125.063 Thread 0x0000026af8f9b980 Unloading class 0x00000001009dd400 'java/lang/invoke/LambdaForm$MH+0x00000001009dd400'
Event: 125.063 Thread 0x0000026af8f9b980 Unloading class 0x00000001009dd000 'java/lang/invoke/LambdaForm$MH+0x00000001009dd000'
Event: 125.063 Thread 0x0000026af8f9b980 Unloading class 0x00000001009dcc00 'java/lang/invoke/LambdaForm$MH+0x00000001009dcc00'
Event: 125.063 Thread 0x0000026af8f9b980 Unloading class 0x00000001009dc800 'java/lang/invoke/LambdaForm$MH+0x00000001009dc800'
Event: 125.063 Thread 0x0000026af8f9b980 Unloading class 0x00000001009dc400 'java/lang/invoke/LambdaForm$MH+0x00000001009dc400'
Event: 125.063 Thread 0x0000026af8f9b980 Unloading class 0x00000001009dc000 'java/lang/invoke/LambdaForm$MH+0x00000001009dc000'
Event: 125.063 Thread 0x0000026af8f9b980 Unloading class 0x0000000100918000 'jdk/internal/reflect/GeneratedConstructorAccessor51'
Event: 125.063 Thread 0x0000026af8f9b980 Unloading class 0x0000000100908800 'jdk/internal/reflect/GeneratedSerializationConstructorAccessor20'
Event: 125.063 Thread 0x0000026af8f9b980 Unloading class 0x00000001005ac000 'jdk/internal/reflect/GeneratedConstructorAccessor32'
Event: 937.984 Thread 0x0000026af8f9b980 Unloading class 0x00000001009fb000 'jdk/internal/reflect/GeneratedSerializationConstructorAccessor25'
Event: 937.984 Thread 0x0000026af8f9b980 Unloading class 0x00000001009fac00 'jdk/internal/reflect/GeneratedSerializationConstructorAccessor24'
Event: 937.984 Thread 0x0000026af8f9b980 Unloading class 0x00000001009fa800 'jdk/internal/reflect/GeneratedSerializationConstructorAccessor23'
Event: 937.984 Thread 0x0000026af8f9b980 Unloading class 0x00000001009fa400 'jdk/internal/reflect/GeneratedSerializationConstructorAccessor22'
Event: 937.984 Thread 0x0000026af8f9b980 Unloading class 0x00000001005ac000 'jdk/internal/reflect/GeneratedMethodAccessor106'
Event: 937.984 Thread 0x0000026af8f9b980 Unloading class 0x00000001009f0000 'jdk/internal/reflect/GeneratedSerializationConstructorAccessor21'
Event: 937.984 Thread 0x0000026af8f9b980 Unloading class 0x00000001009e9800 'jdk/internal/reflect/GeneratedConstructorAccessor56'
Event: 937.984 Thread 0x0000026af8f9b980 Unloading class 0x00000001009e8800 'jdk/internal/reflect/GeneratedMethodAccessor101'
Event: 1173.206 Thread 0x0000026af8f9b980 Unloading class 0x00000001005ac000 'jdk/internal/reflect/GeneratedMethodAccessor138'
Event: 1174.266 Thread 0x0000026af8f9b980 Unloading class 0x00000001009fe400 'jdk/internal/reflect/GeneratedMethodAccessor142'
Event: 1174.266 Thread 0x0000026af8f9b980 Unloading class 0x00000001009e8800 'jdk/internal/reflect/GeneratedSerializationConstructorAccessor26'

Classes redefined (0 events):
No events

Internal exceptions (20 events):
Event: 1360.594 Thread 0x0000026afe942d60 Exception <a 'java/io/IOException'{0x000000008835f3e0}> (0x000000008835f3e0) 
thrown [s\src\hotspot\share\prims\jni.cpp, line 516]
Event: 1360.594 Thread 0x0000026afe942d60 Exception <a 'java/io/IOException'{0x0000000088361560}> (0x0000000088361560) 
thrown [s\src\hotspot\share\prims\jni.cpp, line 516]
Event: 1360.604 Thread 0x0000026afe944570 Exception <a 'java/io/IOException'{0x0000000088392008}> (0x0000000088392008) 
thrown [s\src\hotspot\share\prims\jni.cpp, line 516]
Event: 1360.604 Thread 0x0000026afe944570 Exception <a 'java/io/IOException'{0x0000000088393a88}> (0x0000000088393a88) 
thrown [s\src\hotspot\share\prims\jni.cpp, line 516]
Event: 1360.605 Thread 0x0000026afe944570 Exception <a 'java/io/IOException'{0x0000000088395c08}> (0x0000000088395c08) 
thrown [s\src\hotspot\share\prims\jni.cpp, line 516]
Event: 1360.608 Thread 0x0000026afe942890 Exception <a 'java/io/IOException'{0x00000000882fbe28}> (0x00000000882fbe28) 
thrown [s\src\hotspot\share\prims\jni.cpp, line 516]
Event: 1360.609 Thread 0x0000026afe942890 Exception <a 'java/io/IOException'{0x00000000882fd8a8}> (0x00000000882fd8a8) 
thrown [s\src\hotspot\share\prims\jni.cpp, line 516]
Event: 1360.609 Thread 0x0000026afe942890 Exception <a 'java/io/IOException'{0x00000000882ffa28}> (0x00000000882ffa28) 
thrown [s\src\hotspot\share\prims\jni.cpp, line 516]
Event: 1360.621 Thread 0x0000026afe943700 Exception <a 'java/io/IOException'{0x00000000880f9198}> (0x00000000880f9198) 
thrown [s\src\hotspot\share\prims\jni.cpp, line 516]
Event: 1360.622 Thread 0x0000026afe943700 Exception <a 'java/io/IOException'{0x00000000880fac18}> (0x00000000880fac18) 
thrown [s\src\hotspot\share\prims\jni.cpp, line 516]
Event: 1360.622 Thread 0x0000026afe943700 Exception <a 'java/io/IOException'{0x00000000880fcd98}> (0x00000000880fcd98) 
thrown [s\src\hotspot\share\prims\jni.cpp, line 516]
Event: 1360.627 Thread 0x0000026afe944a40 Exception <a 'java/io/IOException'{0x00000000880f8280}> (0x00000000880f8280) 
thrown [s\src\hotspot\share\prims\jni.cpp, line 516]
Event: 1360.627 Thread 0x0000026afe944a40 Exception <a 'java/io/IOException'{0x0000000087fe88b0}> (0x0000000087fe88b0) 
thrown [s\src\hotspot\share\prims\jni.cpp, line 516]
Event: 1360.628 Thread 0x0000026afe944a40 Exception <a 'java/io/IOException'{0x0000000087feaa30}> (0x0000000087feaa30) 
thrown [s\src\hotspot\share\prims\jni.cpp, line 516]
Event: 1360.634 Thread 0x0000026afe93f870 Exception <a 'java/io/IOException'{0x0000000088743fb8}> (0x0000000088743fb8) 
thrown [s\src\hotspot\share\prims\jni.cpp, line 516]
Event: 1360.635 Thread 0x0000026afe93f870 Exception <a 'java/io/IOException'{0x0000000088745a38}> (0x0000000088745a38) 
thrown [s\src\hotspot\share\prims\jni.cpp, line 516]
Event: 1360.636 Thread 0x0000026afe93f870 Exception <a 'java/io/IOException'{0x0000000087d8ba50}> (0x0000000087d8ba50) 
thrown [s\src\hotspot\share\prims\jni.cpp, line 516]
Event: 1360.637 Thread 0x0000026afe943230 Exception <a 'java/io/IOException'{0x0000000087eff8b0}> (0x0000000087eff8b0) 
thrown [s\src\hotspot\share\prims\jni.cpp, line 516]
Event: 1360.637 Thread 0x0000026afe943230 Exception <a 'java/io/IOException'{0x0000000087de9da0}> (0x0000000087de9da0) 
thrown [s\src\hotspot\share\prims\jni.cpp, line 516]
Event: 1360.638 Thread 0x0000026afe943230 Exception <a 'java/io/IOException'{0x0000000087debf08}> (0x0000000087debf08) 
thrown [s\src\hotspot\share\prims\jni.cpp, line 516]

VM Operations (20 events):
Event: 1355.351 Executing VM operation: G1CollectForAllocation
Event: 1355.352 Executing VM operation: G1CollectForAllocation done
Event: 1355.733 Executing VM operation: G1CollectForAllocation
Event: 1355.734 Executing VM operation: G1CollectForAllocation done
Event: 1356.165 Executing VM operation: G1CollectForAllocation
Event: 1356.166 Executing VM operation: G1CollectForAllocation done
Event: 1356.555 Executing VM operation: G1CollectForAllocation
Event: 1356.557 Executing VM operation: G1CollectForAllocation done
Event: 1356.952 Executing VM operation: G1CollectForAllocation
Event: 1356.954 Executing VM operation: G1CollectForAllocation done
Event: 1357.349 Executing VM operation: G1CollectForAllocation
Event: 1357.351 Executing VM operation: G1CollectForAllocation done
Event: 1357.741 Executing VM operation: G1CollectForAllocation
Event: 1357.742 Executing VM operation: G1CollectForAllocation done
Event: 1358.371 Executing VM operation: G1CollectForAllocation
Event: 1358.374 Executing VM operation: G1CollectForAllocation done
Event: 1359.128 Executing VM operation: G1CollectForAllocation
Event: 1359.130 Executing VM operation: G1CollectForAllocation done
Event: 1359.867 Executing VM operation: G1CollectForAllocation
Event: 1359.869 Executing VM operation: G1CollectForAllocation done

Events (20 events):
Event: 136.000 loading class java/lang/ObjectCustomizer done
Event: 136.002 loading class java/lang/ObjectCustomizer
Event: 136.002 loading class java/lang/ObjectCustomizer done
Event: 137.399 Thread 0x0000026afecdc5c0 Thread added: 0x0000026afecdc5c0
Event: 147.418 Thread 0x0000026afecdc5c0 Thread exited: 0x0000026afecdc5c0
Event: 914.022 Thread 0x0000026af9fdfc00 Thread added: 0x0000026af9fdfc00
Event: 919.195 Thread 0x0000026af9fdfc00 Thread exited: 0x0000026af9fdfc00
Event: 937.853 Thread 0x0000026af9fdfc00 Thread added: 0x0000026af9fdfc00
Event: 937.854 Thread 0x0000026afa1d8810 Thread added: 0x0000026afa1d8810
Event: 937.854 Thread 0x0000026afb6fe230 Thread added: 0x0000026afb6fe230
Event: 941.667 Thread 0x0000026afb6fe230 Thread exited: 0x0000026afb6fe230
Event: 941.667 Thread 0x0000026afa1d8810 Thread exited: 0x0000026afa1d8810
Event: 941.680 Thread 0x0000026afa1d8810 Thread added: 0x0000026afa1d8810
Event: 948.798 Thread 0x0000026afa1d8810 Thread exited: 0x0000026afa1d8810
Event: 948.799 Thread 0x0000026af9fdfc00 Thread exited: 0x0000026af9fdfc00
Event: 954.949 loading class sun/net/ConnectionResetException
Event: 954.949 loading class sun/net/ConnectionResetException done
Event: 1360.391 Thread 0x0000026afeef4340 Thread added: 0x0000026afeef4340
Event: 1360.392 Thread 0x0000026aff3a49c0 Thread added: 0x0000026aff3a49c0
Event: 1360.392 Thread 0x0000026afeef17c0 Thread added: 0x0000026afeef17c0


Dynamic libraries:
0x00007ff6c1900000 - 0x00007ff6c190e000 	C:\Users\lenovo\Downloads\sts-4.17.2.RELEASE\plugins\org.eclipse.justj.openjdk.hotspot.jre.full.win32.x86_64_17.0.6.v20230125-1136\jre\bin\javaw.exe
0x00007ffb31330000 - 0x00007ffb31544000 	C:\WINDOWS\SYSTEM32\ntdll.dll
0x00007ffb2fa20000 - 0x00007ffb2fae2000 	C:\WINDOWS\System32\KERNEL32.DLL
0x00007ffb2e7f0000 - 0x00007ffb2eb8c000 	C:\WINDOWS\System32\KERNELBASE.dll
0x00007ffb2edc0000 - 0x00007ffb2eed1000 	C:\WINDOWS\System32\ucrtbase.dll
0x00007ffb19df0000 - 0x00007ffb19e07000 	C:\Users\lenovo\Downloads\sts-4.17.2.RELEASE\plugins\org.eclipse.justj.openjdk.hotspot.jre.full.win32.x86_64_17.0.6.v20230125-1136\jre\bin\jli.dll
0x00007ffb2f4d0000 - 0x00007ffb2f67b000 	C:\WINDOWS\System32\USER32.dll
0x00007ffb2f110000 - 0x00007ffb2f136000 	C:\WINDOWS\System32\win32u.dll
0x00007ffb2faf0000 - 0x00007ffb2fb19000 	C:\WINDOWS\System32\GDI32.dll
0x00007ffb2ef80000 - 0x00007ffb2f093000 	C:\WINDOWS\System32\gdi32full.dll
0x00007ffb2eee0000 - 0x00007ffb2ef7a000 	C:\WINDOWS\System32\msvcp_win.dll
0x00007ffb14b10000 - 0x00007ffb14b29000 	C:\Users\lenovo\Downloads\sts-4.17.2.RELEASE\plugins\org.eclipse.justj.openjdk.hotspot.jre.full.win32.x86_64_17.0.6.v20230125-1136\jre\bin\VCRUNTIME140.dll
0x00007ffb172d0000 - 0x00007ffb1755e000 	C:\WINDOWS\WinSxS\amd64_microsoft.windows.common-controls_6595b64144ccf1df_6.0.22621.608_none_a9444ca7c10bb01d\COMCTL32.dll
0x00007ffb2f680000 - 0x00007ffb2f727000 	C:\WINDOWS\System32\msvcrt.dll
0x00007ffb2fb30000 - 0x00007ffb2fb61000 	C:\WINDOWS\System32\IMM32.DLL
0x00007ffb27fa0000 - 0x00007ffb27fac000 	C:\Users\lenovo\Downloads\sts-4.17.2.RELEASE\plugins\org.eclipse.justj.openjdk.hotspot.jre.full.win32.x86_64_17.0.6.v20230125-1136\jre\bin\vcruntime140_1.dll
0x00007ffae6140000 - 0x00007ffae61d1000 	C:\Users\lenovo\Downloads\sts-4.17.2.RELEASE\plugins\org.eclipse.justj.openjdk.hotspot.jre.full.win32.x86_64_17.0.6.v20230125-1136\jre\bin\msvcp140.dll
0x00007ffaedee0000 - 0x00007ffaeeb27000 	C:\Users\lenovo\Downloads\sts-4.17.2.RELEASE\plugins\org.eclipse.justj.openjdk.hotspot.jre.full.win32.x86_64_17.0.6.v20230125-1136\jre\bin\server\jvm.dll
0x00007ffb2f730000 - 0x00007ffb2f7de000 	C:\WINDOWS\System32\ADVAPI32.dll
0x00007ffb2f970000 - 0x00007ffb2fa14000 	C:\WINDOWS\System32\sechost.dll
0x00007ffb2fc60000 - 0x00007ffb2fd77000 	C:\WINDOWS\System32\RPCRT4.dll
0x00007ffb2ae90000 - 0x00007ffb2ae99000 	C:\WINDOWS\SYSTEM32\WSOCK32.dll
0x00007ffb30c70000 - 0x00007ffb30ce1000 	C:\WINDOWS\System32\WS2_32.dll
0x00007ffb275c0000 - 0x00007ffb275f4000 	C:\WINDOWS\SYSTEM32\WINMM.dll
0x00007ffb23a80000 - 0x00007ffb23a8a000 	C:\WINDOWS\SYSTEM32\VERSION.dll
0x00007ffb2d870000 - 0x00007ffb2d888000 	C:\WINDOWS\SYSTEM32\kernel.appcore.dll
0x00007ffb28830000 - 0x00007ffb2883a000 	C:\Users\lenovo\Downloads\sts-4.17.2.RELEASE\plugins\org.eclipse.justj.openjdk.hotspot.jre.full.win32.x86_64_17.0.6.v20230125-1136\jre\bin\jimage.dll
0x00007ffb2c240000 - 0x00007ffb2c46e000 	C:\WINDOWS\SYSTEM32\DBGHELP.DLL
0x00007ffb2f140000 - 0x00007ffb2f4c9000 	C:\WINDOWS\System32\combase.dll
0x00007ffb2fb80000 - 0x00007ffb2fc57000 	C:\WINDOWS\System32\OLEAUT32.dll
0x00007ffb22c90000 - 0x00007ffb22cc2000 	C:\WINDOWS\SYSTEM32\dbgcore.DLL
0x00007ffb2e770000 - 0x00007ffb2e7eb000 	C:\WINDOWS\System32\bcryptPrimitives.dll
0x00007ffb19a10000 - 0x00007ffb19a35000 	C:\Users\lenovo\Downloads\sts-4.17.2.RELEASE\plugins\org.eclipse.justj.openjdk.hotspot.jre.full.win32.x86_64_17.0.6.v20230125-1136\jre\bin\java.dll
0x00007ffb15710000 - 0x00007ffb15728000 	C:\Users\lenovo\Downloads\sts-4.17.2.RELEASE\plugins\org.eclipse.justj.openjdk.hotspot.jre.full.win32.x86_64_17.0.6.v20230125-1136\jre\bin\zip.dll
0x00007ffb30480000 - 0x00007ffb30c70000 	C:\WINDOWS\System32\SHELL32.dll
0x00007ffb2c740000 - 0x00007ffb2d00d000 	C:\WINDOWS\SYSTEM32\windows.storage.dll
0x00007ffb2c600000 - 0x00007ffb2c73e000 	C:\WINDOWS\SYSTEM32\wintypes.dll
0x00007ffb30f80000 - 0x00007ffb31071000 	C:\WINDOWS\System32\SHCORE.dll
0x00007ffb2f910000 - 0x00007ffb2f96e000 	C:\WINDOWS\System32\shlwapi.dll
0x00007ffb2e6a0000 - 0x00007ffb2e6c1000 	C:\WINDOWS\SYSTEM32\profapi.dll
0x00007ffb14a00000 - 0x00007ffb14a19000 	C:\Users\lenovo\Downloads\sts-4.17.2.RELEASE\plugins\org.eclipse.justj.openjdk.hotspot.jre.full.win32.x86_64_17.0.6.v20230125-1136\jre\bin\net.dll
0x00007ffb27420000 - 0x00007ffb27557000 	C:\WINDOWS\SYSTEM32\WINHTTP.dll
0x00007ffb2dcd0000 - 0x00007ffb2dd39000 	C:\WINDOWS\system32\mswsock.dll
0x00007ffb13790000 - 0x00007ffb137a5000 	C:\Users\lenovo\Downloads\sts-4.17.2.RELEASE\plugins\org.eclipse.justj.openjdk.hotspot.jre.full.win32.x86_64_17.0.6.v20230125-1136\jre\bin\nio.dll
0x00007ffb29720000 - 0x00007ffb29729000 	C:\Users\lenovo\Downloads\sts-4.17.2.RELEASE\plugins\org.eclipse.justj.openjdk.hotspot.jre.full.win32.x86_64_17.0.6.v20230125-1136\jre\bin\management.dll
0x00007ffb22df0000 - 0x00007ffb22dfb000 	C:\Users\lenovo\Downloads\sts-4.17.2.RELEASE\plugins\org.eclipse.justj.openjdk.hotspot.jre.full.win32.x86_64_17.0.6.v20230125-1136\jre\bin\management_ext.dll
0x00007ffb2fb20000 - 0x00007ffb2fb28000 	C:\WINDOWS\System32\PSAPI.DLL
0x00007ffb28570000 - 0x00007ffb28587000 	C:\WINDOWS\system32\napinsp.dll
0x00007ffb28550000 - 0x00007ffb2856b000 	C:\WINDOWS\system32\pnrpnsp.dll
0x00007ffb2d340000 - 0x00007ffb2d433000 	C:\WINDOWS\SYSTEM32\DNSAPI.dll
0x00007ffb2d2d0000 - 0x00007ffb2d2fd000 	C:\WINDOWS\SYSTEM32\IPHLPAPI.DLL
0x00007ffb30450000 - 0x00007ffb30459000 	C:\WINDOWS\System32\NSI.dll
0x00007ffb28530000 - 0x00007ffb28541000 	C:\WINDOWS\System32\winrnr.dll
0x00007ffb27310000 - 0x00007ffb27325000 	C:\WINDOWS\system32\wshbth.dll
0x00007ffb28590000 - 0x00007ffb285b1000 	C:\WINDOWS\system32\nlansp_c.dll
0x00007ffb22300000 - 0x00007ffb2230a000 	C:\Windows\System32\rasadhlp.dll
0x00007ffb256d0000 - 0x00007ffb25753000 	C:\WINDOWS\System32\fwpuclnt.dll
0x00007ffb2dff0000 - 0x00007ffb2e00b000 	C:\WINDOWS\SYSTEM32\CRYPTSP.dll
0x00007ffb2d7e0000 - 0x00007ffb2d815000 	C:\WINDOWS\system32\rsaenh.dll
0x00007ffb2dd70000 - 0x00007ffb2dd98000 	C:\WINDOWS\SYSTEM32\USERENV.dll
0x00007ffb2e120000 - 0x00007ffb2e148000 	C:\WINDOWS\SYSTEM32\bcrypt.dll
0x00007ffb2dfd0000 - 0x00007ffb2dfdc000 	C:\WINDOWS\SYSTEM32\CRYPTBASE.dll
0x00007ffb27230000 - 0x00007ffb27249000 	C:\WINDOWS\SYSTEM32\dhcpcsvc6.DLL
0x00007ffb27050000 - 0x00007ffb2706f000 	C:\WINDOWS\SYSTEM32\dhcpcsvc.DLL
0x00007ffb25e40000 - 0x00007ffb25e50000 	C:\Users\lenovo\Downloads\sts-4.17.2.RELEASE\plugins\org.eclipse.justj.openjdk.hotspot.jre.full.win32.x86_64_17.0.6.v20230125-1136\jre\bin\verify.dll
0x00007ffb15430000 - 0x00007ffb1543e000 	C:\Users\lenovo\Downloads\sts-4.17.2.RELEASE\plugins\org.eclipse.justj.openjdk.hotspot.jre.full.win32.x86_64_17.0.6.v20230125-1136\jre\bin\sunmscapi.dll
0x00007ffb2eb90000 - 0x00007ffb2ecf6000 	C:\WINDOWS\System32\CRYPT32.dll
0x00007ffb2e0f0000 - 0x00007ffb2e11e000 	C:\WINDOWS\SYSTEM32\ncrypt.dll
0x00007ffb2e0b0000 - 0x00007ffb2e0e7000 	C:\WINDOWS\SYSTEM32\NTASN1.dll
0x00007ffb15210000 - 0x00007ffb15218000 	C:\WINDOWS\system32\wshunix.dll

dbghelp: loaded successfully - version: 4.0.5 - missing functions: none
symbol engine: initialized successfully - sym options: 0x614 - pdb path: .;C:\Users\lenovo\Downloads\sts-4.17.2.RELEASE\plugins\org.eclipse.justj.openjdk.hotspot.jre.full.win32.x86_64_17.0.6.v20230125-1136\jre\bin;C:\WINDOWS\SYSTEM32;C:\WINDOWS\WinSxS\amd64_microsoft.windows.common-controls_6595b64144ccf1df_6.0.22621.608_none_a9444ca7c10bb01d;C:\Users\lenovo\Downloads\sts-4.17.2.RELEASE\plugins\org.eclipse.justj.openjdk.hotspot.jre.full.win32.x86_64_17.0.6.v20230125-1136\jre\bin\server

VM Arguments:
jvm_args: -Dcom.sun.management.jmxremote -Dcom.sun.management.jmxremote.port=62762 -Dcom.sun.management.jmxremote.authenticate=false -Dcom.sun.management.jmxremote.ssl=false -Djava.rmi.server.hostname=localhost -Dspring.jmx.enabled=true -Dmanagement.endpoints.jmx.exposure.include=* -Dspring.application.admin.enabled=true -XX:TieredStopAtLevel=1 -Dspring.boot.project.name=back -Dfile.encoding=UTF-8 -XX:+ShowCodeDetailsInExceptionMessages 
java_command: com.example.demo.SpringBootLoginExampleApplication --spring.output.ansi.enabled=always
java_class_path (initial): C:\Users\lenovo\Desktop\pfe\back\target\classes;C:\Users\lenovo\.m2\repository\org\springframework\boot\spring-boot-starter-data-jpa\2.7.3\spring-boot-starter-data-jpa-2.7.3.jar;C:\Users\lenovo\.m2\repository\org\springframework\boot\spring-boot-starter-aop\2.7.3\spring-boot-starter-aop-2.7.3.jar;C:\Users\lenovo\.m2\repository\org\aspectj\aspectjweaver\1.9.7\aspectjweaver-1.9.7.jar;C:\Users\lenovo\.m2\repository\org\springframework\boot\spring-boot-starter-jdbc\2.7.3\spring-boot-starter-jdbc-2.7.3.jar;C:\Users\lenovo\.m2\repository\com\zaxxer\HikariCP\4.0.3\HikariCP-4.0.3.jar;C:\Users\lenovo\.m2\repository\org\springframework\spring-jdbc\5.3.22\spring-jdbc-5.3.22.jar;C:\Users\lenovo\.m2\repository\jakarta\transaction\jakarta.transaction-api\1.3.3\jakarta.transaction-api-1.3.3.jar;C:\Users\lenovo\.m2\repository\jakarta\persistence\jakarta.persistence-api\2.2.3\jakarta.persistence-api-2.2.3.jar;C:\Users\lenovo\.m2\repository\org\hibernate\hibernate-core\5.6.10.Final\hibernate-core-5.6.10.Final.jar;C:\Users\lenovo\.m2\repository\org\jboss\logging\jboss-logging\3.4.3.Final\jboss-logging-3.4.3.Final.jar;C:\Users\lenovo\.m2\repository\net\bytebuddy\byte-buddy\1.12.13\byte-buddy-1.12.13.jar;C:\Users\lenovo\.m2\repository\antlr\antlr\2.7.7\antlr-2.7.7.jar;C:\Users\lenovo\.m2\repository\org\jboss\jandex\2.4.2.Final\jandex-2.4.2.Final.jar;C:\Users\lenovo\.m2\repository\com\fasterxml\classmate\1.5.1\classmate-1.5.1.jar;C:\Users\lenovo\.m2\repository\org\hibernate\common\hibernate-commons-annotations\5.1.2.Final\hibernate-commons-annotations-5.1.2.Final.jar;C:\Users\lenovo\.m2\repository\org\glassfish\jaxb\jaxb-runtime\2.3.6\jaxb-runtime-2.3.6.jar;C:\Users\lenovo\.m2\repository\org\glassfish\jaxb\txw2\2.3.6\txw2-2.3.6.jar;C:\Users\lenovo\.m2\repository\com\sun\istack\istack-commons-runtime\3.0.12\istack-commons-runtime-3.0.12.jar;C:\Users\lenovo\.m2\repository\com\sun\activation\jakarta.activation\1.2.2\jakarta.activation-1.2.2.jar;C:\Users\lenovo\.
Launcher Type: SUN_STANDARD

[Global flags]
     intx CICompilerCount                          = 4                                         {product} {ergonomic}
     uint ConcGCThreads                            = 2                                         {product} {ergonomic}
     uint G1ConcRefinementThreads                  = 8                                         {product} {ergonomic}
   size_t G1HeapRegionSize                         = 1048576                                   {product} {ergonomic}
    uintx GCDrainStackTargetSize                   = 64                                        {product} {ergonomic}
   size_t InitialHeapSize                          = 132120576                                 {product} {ergonomic}
     bool ManagementServer                         = true                                      {product} {command line}
   size_t MarkStackSize                            = 4194304                                   {product} {ergonomic}
   size_t MaxHeapSize                              = 2113929216                                {product} {ergonomic}
   size_t MaxNewSize                               = 1267728384                                {product} {ergonomic}
   size_t MinHeapDeltaBytes                        = 1048576                                   {product} {ergonomic}
   size_t MinHeapSize                              = 8388608                                   {product} {ergonomic}
    uintx NonProfiledCodeHeapSize                  = 0                                      {pd product} {ergonomic}
     bool ProfileInterpreter                       = false                                  {pd product} {command line}
    uintx ProfiledCodeHeapSize                     = 0                                      {pd product} {ergonomic}
     bool ShowCodeDetailsInExceptionMessages       = true                                   {manageable} {command line}
   size_t SoftMaxHeapSize                          = 2113929216                             {manageable} {ergonomic}
     intx TieredStopAtLevel                        = 1                                         {product} {command line}
     bool UseCompressedClassPointers               = true                           {product lp64_product} {ergonomic}
     bool UseCompressedOops                        = true                           {product lp64_product} {ergonomic}
     bool UseG1GC                                  = true                                      {product} {ergonomic}
     bool UseLargePagesIndividualAllocation        = false                                  {pd product} {ergonomic}

Logging:
Log output configuration:
 #0: stdout all=warning uptime,level,tags
 #1: stderr all=off uptime,level,tags

Environment Variables:
PATH=C:/Users/lenovo/Downloads/sts-4.17.2.RELEASE//plugins/org.eclipse.justj.openjdk.hotspot.jre.full.win32.x86_64_17.0.6.v20230125-1136/jre/bin/server;C:/Users/lenovo/Downloads/sts-4.17.2.RELEASE//plugins/org.eclipse.justj.openjdk.hotspot.jre.full.win32.x86_64_17.0.6.v20230125-1136/jre/bin;C:\Program Files\Common Files\Oracle\Java\javapath;C:\WINDOWS\system32;C:\WINDOWS;C:\WINDOWS\System32\Wbem;C:\WINDOWS\System32\WindowsPowerShell\v1.0\;C:\WINDOWS\System32\OpenSSH\;C:\Program Files\swipl\bin;C:\xampp\php;C:\laragon\bin\php\php-8.1.4-Win32-vs16-x64;C:\ProgramData\ComposerSetup\bin;C:\Program Files\dotnet\;C:\laragon\;C:\Users\lenovo\AppData\Roaming\Microsoft\Windows\Start Menu\Programs\Python 3.9;C:\Program Files\Git\cmd;C:\WINDOWS\system32;C:\WINDOWS;C:\WINDOWS\System32\Wbem;C:\WINDOWS\System32\WindowsPowerShell\v1.0\;C:\WINDOWS\System32\OpenSSH\;C:\Program Files (x86)\Microsoft SQL Server\150\Tools\Binn\;C:\Program Files\Microsoft SQL Server\150\Tools\Binn\;C:\Program Files (x86)\Microsoft SQL Server\150\DTS\Binn\;C:\Program Files\Microsoft SQL Server\150\DTS\Binn\;C:\Program Files\Microsoft SQL Server\Client SDK\ODBC\170\Tools\Binn\;C:\Program Files\Azure Data Studio\bin;C:\Program Files (x86)\Microsoft SQL Server\110\DTS\Binn\;C:\Program Files (x86)\Microsoft SQL Server\120\DTS\Binn\;C:\Program Files (x86)\Microsoft SQL Server\130\DTS\Binn\;C:\Program Files (x86)\Microsoft SQL Server\140\DTS\Binn\;C:\Program Files (x86)\Microsoft SQL Server\160\DTS\Binn\;C:\Program Files\Java\jdk-17\bin;C:\Users\lenovo\AppData\Local\Programs\Python\Python37\Scripts\;C:\Users\lenovo\AppData\Local\Programs\Python\Python37\;C:\laragon\bin;C:\laragon\bin\apache\httpd-2.4.47-win64-VS16\bin;C:\laragon\bin\composer;C:\laragon\bin\git\bin;C:\laragon\bin\git\cmd;C:\laragon\bin\git\mingw64\bin;C:\laragon\bin\git\usr\bin;C:\laragon\bin\laragon\utils;C:\laragon\bin\mysql\mysql-5.7.33-winx64\bin;C:\laragon\bin\nginx\nginx-1.19.10;C:\laragon\bin\ngrok;C:\laragon\bin\nodejs\node-v14;C:\laragon\b
USERNAME=lenovo
OS=Windows_NT
PROCESSOR_IDENTIFIER=Intel64 Family 6 Model 142 Stepping 10, GenuineIntel
TMP=C:\Users\lenovo\AppData\Local\Temp
TEMP=C:\Users\lenovo\AppData\Local\Temp



---------------  S Y S T E M  ---------------

OS:
 Windows 11 , 64 bit Build 22621 (10.0.22621.1485)
OS uptime: 5 days 2:13 hours
Hyper-V role detected

CPU: total 8 (initial active 8) (4 cores per cpu, 2 threads per core) family 6 model 142 stepping 10 microcode 0xe0, cx8, cmov, fxsr, ht, mmx, 3dnowpref, sse, sse2, sse3, ssse3, sse4.1, sse4.2, popcnt, lzcnt, tsc, tscinvbit, avx, avx2, aes, erms, clmul, bmi1, bmi2, adx, fma, vzeroupper, clflush, clflushopt, hv

Memory: 4k page, system-wide physical 8058M (927M free)
TotalPageFile size 11058M (AvailPageFile size 0M)
current process WorkingSet (physical memory assigned to process): 303M, peak: 353M
current process commit charge ("private bytes"): 375M, peak: 422M

vm_info: OpenJDK 64-Bit Server VM (17.0.6+10) for windows-amd64 JRE (17.0.6+10), built on Jan 18 2023 10:08:59 by "temurin" with MS VC++ 16.7 (VS2019)

END.
